#
# A fatal error has been detected by the Java Runtime Environment:
#
#  Internal Error (jvmciRuntime.cpp:1609), pid=3423, tid=3440
#  fatal error: Fatal exception in JVMCI: Error calling jdk.vm.ci.services.Services.serializeSavedProperties
#
# JRE version: OpenJDK Runtime Environment GraalVM CE 22.3.0 (17.0.5+8) (build 17.0.5+8-jvmci-22.3-b08)
# Java VM: OpenJDK 64-Bit Server VM GraalVM CE 22.3.0 (17.0.5+8-jvmci-22.3-b08, mixed mode, sharing, tiered, jvmci, jvmci compiler, compressed oops, compressed class ptrs, parallel gc, linux-amd64)
# Problematic frame:
# V  [libjvm.so+0x972714]  JVMCIRuntime::fatal_exception(JVMCIEnv*, char const*)+0x74
#
# Core dump will be written. Default location: Core dumps may be processed with "/usr/share/apport/apport -p%p -s%s -c%c -d%d -P%P -u%u -g%g -- %E" (or dumping to /home/runner/cisc349-1st-assigmnet/core.3423)
#
# If you would like to submit a bug report, please visit:
#   https://github.com/oracle/graal/issues
#

---------------  S U M M A R Y ------------

Command Line: -XX:ThreadPriorityPolicy=1 -XX:+UnlockExperimentalVMOptions -XX:+EnableJVMCIProduct -XX:JVMCIThreadsPerNativeLibraryRuntime=1 -XX:-UnlockExperimentalVMOptions -Declipse.application=org.eclipse.jdt.ls.core.id1 -Dosgi.bundles.defaultStartLevel=4 -Declipse.product=org.eclipse.jdt.ls.core.product -Dlog.level=ALL -Xverify:none -XX:+UseParallelGC -XX:GCTimeRatio=4 -XX:AdaptiveSizePolicyWeight=90 -Dsun.zip.disableMemoryMapping=true -Xmx512m -Xms100m /nix/store/a7s9klvriqi68xz3qjc0qyfl5h86xc16-jdt-language-server-1.9.0/share/java/plugins/org.eclipse.equinox.launcher_1.6.400.v20210924-0641.jar --add-modules=ALL-SYSTEM --add-opens java.base/java.util=ALL-UNNAMED --add-opens java.base/java.lang=ALL-UNNAMED -configuration /home/runner/cisc349-1st-assigmnet/.cache/jdt-language-server/config -data /home/runner/cisc349-1st-assigmnet/.cache/jdt-language-server/data/home/runner/cisc349-1st-assigmnet

Host: Intel(R) Xeon(R) CPU @ 2.20GHz, 8 cores, 1G, Ubuntu 20.04.2 LTS
Time: Thu Jan 18 17:30:35 2024 UTC elapsed time: 1352.349013 seconds (0d 0h 22m 32s)

---------------  T H R E A D  ---------------

Current thread (0x00007feff40b1ca0):  JavaThread "JVMCI-native CompilerThread0" daemon [_thread_in_vm, id=3440, stack(0x00007fefd9118000,0x00007fefd9318000)]


Current CompileTask:
JVMCI-native:1352349 8576       4       java.lang.AbstractStringBuilder::append (55 bytes)

Stack: [0x00007fefd9118000,0x00007fefd9318000],  sp=0x00007fefd9316380,  free space=2040k
Native frames: (J=compiled Java code, j=interpreted, Vv=VM code, C=native code)
V  [libjvm.so+0x972714]  JVMCIRuntime::fatal_exception(JVMCIEnv*, char const*)+0x74
V  [libjvm.so+0x93e2fe]  JVMCIEnv::copy_saved_properties()+0x14e
V  [libjvm.so+0x9732a9]  JVMCIRuntime::initialize(JVMCIEnv*)+0xb19
V  [libjvm.so+0x9738a2]  JVMCIRuntime::get_HotSpotJVMCIRuntime(JVMCIEnv*)+0x12
V  [libjvm.so+0x9749f2]  JVMCIRuntime::compile_method(JVMCIEnv*, JVMCICompiler*, methodHandle const&, int)+0xd2
V  [libjvm.so+0x5b0d20]  CompileBroker::invoke_compiler_on_method(CompileTask*)+0x1470
V  [libjvm.so+0x5b12e8]  CompileBroker::compiler_thread_loop()+0x528
V  [libjvm.so+0xd82460]  JavaThread::thread_main_inner()+0xd0
V  [libjvm.so+0xd85a40]  Thread::call_run()+0xc0
V  [libjvm.so+0xbdb1e1]  thread_native_entry(Thread*)+0xe1

Register to memory mapping:

RAX=0x00007feff8e9b000 points into unknown readable memory: 0x0000000000000058 | 58 00 00 00 00 00 00 00
RBX=0x00007feff9f96398: <offset 0x0000000000ef5398> in /nix/store/gpxl5qgg8kicmcvivwmybwjlpf7wh20l-graalvm17-ce-22.3.0/lib/server/libjvm.so at 0x00007feff90a1000
RCX=0x00007feff9f4e1e8: <offset 0x0000000000ead1e8> in /nix/store/gpxl5qgg8kicmcvivwmybwjlpf7wh20l-graalvm17-ce-22.3.0/lib/server/libjvm.so at 0x00007feff90a1000
RDX=0x0000000000000649 is an unknown value
RSP=0x00007fefd9316380 is pointing into the stack for thread: 0x00007feff40b1ca0
RBP=0x00007fefd93163a0 is pointing into the stack for thread: 0x00007feff40b1ca0
RSI=0x00007feff9f96c48: <offset 0x0000000000ef5c48> in /nix/store/gpxl5qgg8kicmcvivwmybwjlpf7wh20l-graalvm17-ce-22.3.0/lib/server/libjvm.so at 0x00007feff90a1000
RDI=0x00000000e0000000 is an oop: [B 
{0x00000000e0000000} - klass: {type array byte}
 - length: 56
R8 =0x00007feff9f96398: <offset 0x0000000000ef5398> in /nix/store/gpxl5qgg8kicmcvivwmybwjlpf7wh20l-graalvm17-ce-22.3.0/lib/server/libjvm.so at 0x00007feff90a1000
R9 =0x0000000000000003 is an unknown value
R10=0x00007feffa2e7da0: <offset 0x0000000001246da0> in /nix/store/gpxl5qgg8kicmcvivwmybwjlpf7wh20l-graalvm17-ce-22.3.0/lib/server/libjvm.so at 0x00007feff90a1000
R11=0x000000080044f048 is pointing into metadata
R12=0x0 is NULL
R13=0x00007feff40b1ca0 is a thread
R14=0x00007feff4000b80 points into unknown readable memory: 0x00007feffa1c7a38 | 38 7a 1c fa ef 7f 00 00
R15=0x00007feffa2d5e40: <offset 0x0000000001234e40> in /nix/store/gpxl5qgg8kicmcvivwmybwjlpf7wh20l-graalvm17-ce-22.3.0/lib/server/libjvm.so at 0x00007feff90a1000


Registers:
RAX=0x00007feff8e9b000, RBX=0x00007feff9f96398, RCX=0x00007feff9f4e1e8, RDX=0x0000000000000649
RSP=0x00007fefd9316380, RBP=0x00007fefd93163a0, RSI=0x00007feff9f96c48, RDI=0x00000000e0000000
R8 =0x00007feff9f96398, R9 =0x0000000000000003, R10=0x00007feffa2e7da0, R11=0x000000080044f048
R12=0x0000000000000000, R13=0x00007feff40b1ca0, R14=0x00007feff4000b80, R15=0x00007feffa2d5e40
RIP=0x00007feff9a13714, EFLAGS=0x0000000000010206, CSGSFS=0x002b000000000033, ERR=0x0000000000000006
  TRAPNO=0x000000000000000e

Top of Stack: (sp=0x00007fefd9316380)
0x00007fefd9316380:   00007fefd9316940 00007feff40b1ca0
0x00007fefd9316390:   00007feff882e388 0000000800c41c18
0x00007fefd93163a0:   00007fefd9316500 00007feff99df2fe
0x00007fefd93163b0:   00007fefd93163e0 00007fefd9316440 

Instructions: (pc=0x00007feff9a13714)
0x00007feff9a13614:   30 e8 f6 cf e8 ff 4c 89 e7 e8 2e 48 d1 ff 84 db
0x00007feff9a13624:   75 2a 4d 85 ed 74 04 4d 8b 6d 00 48 83 c4 08 44
0x00007feff9a13634:   89 f9 4c 89 f2 4c 89 ee 5b 4c 89 e7 41 5c 41 5d
0x00007feff9a13644:   41 5e 41 5f 5d e9 e2 47 d1 ff 66 90 48 83 c4 08
0x00007feff9a13654:   5b 41 5c 41 5d 41 5e 41 5f 5d c3 90 31 d2 be 08
0x00007feff9a13664:   00 00 00 4c 89 ff e8 b1 78 a3 ff 49 89 c5 e9 37
0x00007feff9a13674:   ff ff ff 66 0f 1f 84 00 00 00 00 00 48 8b 7a 08
0x00007feff9a13684:   e9 6d ff ff ff 0f 1f 80 00 00 00 00 e8 5b 48 0a
0x00007feff9a13694:   00 84 c0 75 89 e9 6a ff ff ff 66 90 55 48 89 e5
0x00007feff9a136a4:   41 56 41 55 41 54 49 89 fc 53 48 89 f3 66 48 8d
0x00007feff9a136b4:   3d 27 5e 85 00 66 66 48 e8 df 43 8d ff 4c 8b 28
0x00007feff9a136c4:   8b 05 be 72 8a 00 85 c0 75 14 ba 01 00 00 00 48
0x00007feff9a136d4:   8d 0d ae 72 8a 00 f0 0f b1 11 85 c0 74 4e be c8
0x00007feff9a136e4:   00 00 00 4c 89 ef e8 01 0b 41 00 48 8d 05 12 ac
0x00007feff9a136f4:   85 00 49 89 d8 48 8d 0d e8 aa 53 00 ba 49 06 00
0x00007feff9a13704:   00 48 8d 35 3c 35 58 00 bf 00 00 00 e0 48 8b 00
0x00007feff9a13714:   c6 00 58 31 c0 e8 e2 91 c6 ff 5b 41 5c 41 5d 41
0x00007feff9a13724:   5e 5d e9 55 34 26 00 0f 1f 44 00 00 48 8d 05 81
0x00007feff9a13734:   a3 8b 00 48 89 df 4c 8b 30 e8 9e 43 8d ff 48 89
0x00007feff9a13744:   de 48 89 c2 49 8b 06 4c 89 f7 ff 50 08 4c 89 f7
0x00007feff9a13754:   e8 a7 5c 27 00 4d 85 e4 74 12 be 01 00 00 00 4c
0x00007feff9a13764:   89 e7 e8 35 43 fc ff eb 82 0f 1f 00 be 01 00 00
0x00007feff9a13774:   00 4c 89 ef e8 d3 fd ff ff e9 6d ff ff ff 66 66
0x00007feff9a13784:   2e 0f 1f 84 00 00 00 00 00 0f 1f 00 55 48 89 e5
0x00007feff9a13794:   41 57 41 56 41 55 41 54 53 48 81 ec 08 02 00 00
0x00007feff9a137a4:   64 48 8b 04 25 28 00 00 00 48 89 45 c8 8b 07 83
0x00007feff9a137b4:   f8 02 0f 84 11 04 00 00 4c 8b 6f 18 49 89 ff 49
0x00007feff9a137c4:   89 f4 4d 85 ed 74 14 4c 89 ef e8 5d 57 22 00 41
0x00007feff9a137d4:   8b 07 83 f8 02 0f 84 19 04 00 00 48 8d 1d 9a 06
0x00007feff9a137e4:   8a 00 4c 8d 35 0b 3c 58 00 eb 38 90 48 85 d2 7f
0x00007feff9a137f4:   0d 48 8d 05 b4 c0 85 00 48 83 38 00 7e 0e 41 8b
0x00007feff9a13804:   77 2c 4c 89 f7 31 c0 e8 a0 b2 f7 ff 49 8b 7f 18 


Stack slot to memory mapping:
stack at sp + 0 slots: 0x00007fefd9316940 is pointing into the stack for thread: 0x00007feff40b1ca0
stack at sp + 1 slots: 0x00007feff40b1ca0 is a thread
stack at sp + 2 slots: 0x00007feff882e388 points into unknown readable memory: 0x657300189fdcffff | ff ff dc 9f 18 00 73 65
stack at sp + 3 slots: 0x0000000800c41c18 is a pointer to class: 
jdk.vm.ci.services.Services {0x0000000800c41c18}
 - instance size:     2
 - klass size:        65
 - access:            public final synchronized 
 - state:             fully_initialized
 - name:              'jdk/vm/ci/services/Services'
 - super:             'java/lang/Object'
 - sub:               
 - arrays:            NULL
 - methods:           Array<T>(0x00007fefd9c4cd48)
 - method ordering:   Array<T>(0x0000000800928960)
 - default_methods:   Array<T>(0x0000000000000000)
 - local interfaces:  Array<T>(0x00000008005ce810)
 - trans. interfaces: Array<T>(0x00000008005ce810)
 - constants:         constant pool [427] {0x00007fefd9c4add0} for 'jdk/vm/ci/services/Services' cache=0x00007fefd9c4e018
 - class loader data:  loader data: 0x00007feff4027d50 of 'bootstrap'
 - source file:       'Services.java'
 - class annotations:       Array<T>(0x0000000000000000)
 - class type annotations:  Array<T>(0x0000000000000000)
 - field annotations:       Array<T>(0x0000000000000000)
 - field type annotations:  Array<T>(0x0000000000000000)
 - inner classes:     Array<T>(0x00007fefd9c4dfe8)
 - nest members:     Array<T>(0x00007fefd9c4e008)
 - permitted subclasses:     Array<T>(0x00000008005ce7a0)
 - java mirror:       a 'java/lang/Class'{0x00000000e02b00d8} = 'jdk/vm/ci/services/Services'
 - vtable length      5  (start addr: 0x0000000800c41de8)
 - itable length      2 (start addr: 0x0000000800c41e10)
 - ---- static fields (3 words):
 - public static final 'IS_BUILDING_NATIVE_IMAGE' 'Z' @128 
 - public static final 'IS_IN_NATIVE_IMAGE' 'Z' @129 
 - private static volatile 'savedProperties' 'Ljava/util/Map;' @112 
 - static final 'JVMCI_ENABLED' 'Z' @130 
 - private static final 'servicesCache' 'Ljava/util/Map;' @116 
 - private static final 'MAX_UNICODE_IN_UTF8_LENGTH' 'I' @120 
 - private static final 'MAX_UTF8_PROPERTY_STRING_LENGTH' 'I' @124 
 - ---- non-static fields (0 words):
 - non-static oop maps: 
stack at sp + 4 slots: 0x00007fefd9316500 is pointing into the stack for thread: 0x00007feff40b1ca0
stack at sp + 5 slots: 0x00007feff99df2fe: <offset 0x000000000093e2fe> in /nix/store/gpxl5qgg8kicmcvivwmybwjlpf7wh20l-graalvm17-ce-22.3.0/lib/server/libjvm.so at 0x00007feff90a1000
stack at sp + 6 slots: 0x00007fefd93163e0 is pointing into the stack for thread: 0x00007feff40b1ca0
stack at sp + 7 slots: 0x00007fefd9316440 is pointing into the stack for thread: 0x00007feff40b1ca0


---------------  P R O C E S S  ---------------

Threads class SMR info:
_java_thread_list=0x00007fef6403ebb0, length=27, elements={
0x00007feff4025ff0, 0x00007feff40a5f90, 0x00007feff40a73d0, 0x00007feff40adb10,
0x00007feff40aeec0, 0x00007feff40b02b0, 0x00007feff40b1ca0, 0x00007feff40b31b0,
0x00007feff40b4600, 0x00007feff40d7770, 0x00007feff411fe20, 0x00007feff430ede0,
0x00007feff41fc080, 0x00007feff4182d40, 0x00007fef8802bf10, 0x00007fef884064c0,
0x00007fef88238970, 0x00007fef780081e0, 0x00007fef88610d70, 0x00007fef887abdc0,
0x00007feff4367ca0, 0x00007feff4410390, 0x00007fef64000ff0, 0x00007fef602aa7b0,
0x00007fef601d6010, 0x00007fef601d96f0, 0x00007fef6016e6c0
}

Java Threads: ( => current thread )
  0x00007feff4025ff0 JavaThread "main" [_thread_blocked, id=3430, stack(0x00007feff8ebc000,0x00007feff8fbc000)]
  0x00007feff40a5f90 JavaThread "Reference Handler" daemon [_thread_blocked, id=3433, stack(0x00007fefd99fe000,0x00007fefd9afe000)]
  0x00007feff40a73d0 JavaThread "Finalizer" daemon [_thread_blocked, id=3434, stack(0x00007fefd98fe000,0x00007fefd99fe000)]
  0x00007feff40adb10 JavaThread "Signal Dispatcher" daemon [_thread_blocked, id=3436, stack(0x00007fefd9518000,0x00007fefd9618000)]
  0x00007feff40aeec0 JavaThread "Service Thread" daemon [_thread_blocked, id=3437, stack(0x00007fefd9418000,0x00007fefd9518000)]
  0x00007feff40b02b0 JavaThread "Monitor Deflation Thread" daemon [_thread_blocked, id=3439, stack(0x00007fefd9318000,0x00007fefd9418000)]
=>0x00007feff40b1ca0 JavaThread "JVMCI-native CompilerThread0" daemon [_thread_in_vm, id=3440, stack(0x00007fefd9118000,0x00007fefd9318000)]
  0x00007feff40b31b0 JavaThread "C1 CompilerThread0" daemon [_thread_blocked, id=3441, stack(0x00007fefd8f18000,0x00007fefd9118000)]
  0x00007feff40b4600 JavaThread "Sweeper thread" daemon [_thread_blocked, id=3442, stack(0x00007fefd8e18000,0x00007fefd8f18000)]
  0x00007feff40d7770 JavaThread "Common-Cleaner" daemon [_thread_blocked, id=3450, stack(0x00007fefd8d18000,0x00007fefd8e18000)]
  0x00007feff411fe20 JavaThread "Notification Thread" daemon [_thread_blocked, id=3451, stack(0x00007fefd8c18000,0x00007fefd8d18000)]
  0x00007feff430ede0 JavaThread "Active Thread: Equinox Container: e83a8c48-dc5d-4792-aa2a-61e2b2053460" [_thread_blocked, id=3467, stack(0x00007fefd8900000,0x00007fefd8a00000)]
  0x00007feff41fc080 JavaThread "Framework Event Dispatcher: Equinox Container: e83a8c48-dc5d-4792-aa2a-61e2b2053460" daemon [_thread_blocked, id=3468, stack(0x00007fefd8700000,0x00007fefd8800000)]
  0x00007feff4182d40 JavaThread "Start Level: Equinox Container: e83a8c48-dc5d-4792-aa2a-61e2b2053460" daemon [_thread_blocked, id=3469, stack(0x00007fefd8500000,0x00007fefd8600000)]
  0x00007fef8802bf10 JavaThread "SCR Component Actor" daemon [_thread_blocked, id=3470, stack(0x00007fefd8300000,0x00007fefd8400000)]
  0x00007fef884064c0 JavaThread "Worker-JM" [_thread_blocked, id=3484, stack(0x00007fefd8100000,0x00007fefd8200000)]
  0x00007fef88238970 JavaThread "Worker-0: Periodic workspace save." [_thread_blocked, id=3485, stack(0x00007fefa0900000,0x00007fefa0a00000)]
  0x00007fef780081e0 JavaThread "Worker-2: Java indexing... " [_thread_blocked, id=3488, stack(0x00007fefa0500000,0x00007fefa0600000)]
  0x00007fef88610d70 JavaThread "Java indexing" daemon [_thread_blocked, id=3494, stack(0x00007fefa0300000,0x00007fefa0400000)]
  0x00007fef887abdc0 JavaThread "Bundle File Closer" daemon [_thread_blocked, id=3501, stack(0x00007fefa0100000,0x00007fefa0200000)]
  0x00007feff4367ca0 JavaThread "pool-3-thread-1" [_thread_blocked, id=3508, stack(0x00007fefd8200000,0x00007fefd8300000)]
  0x00007feff4410390 JavaThread "pool-2-thread-1" [_thread_blocked, id=3510, stack(0x00007fef9ff00000,0x00007fefa0000000)]
  0x00007fef64000ff0 JavaThread "Worker-4: Compacting resource model" [_thread_blocked, id=3514, stack(0x00007fef9fb00000,0x00007fef9fc00000)]
  0x00007fef602aa7b0 JavaThread "Thread-12" [_thread_blocked, id=3679, stack(0x00007fefd8a16000,0x00007fefd8b16000)]
  0x00007fef601d6010 JavaThread "Thread-15" [_thread_blocked, id=3696, stack(0x00007fefd8600000,0x00007fefd8700000)]
  0x00007fef601d96f0 JavaThread "Thread-17" [_thread_blocked, id=3700, stack(0x00007fefd8800000,0x00007fefd8900000)]
  0x00007fef6016e6c0 JavaThread "Thread-32" [_thread_blocked, id=3768, stack(0x00007fefa1300000,0x00007fefa1400000)]

Other Threads:
  0x00007feff40a16d0 VMThread "VM Thread" [stack: 0x00007fefd9b00000,0x00007fefd9c00000] [id=3432] _threads_hazard_ptr=0x00007fef6403ebb0
  0x00007feff41217c0 WatcherThread [stack: 0x00007fefd8b18000,0x00007fefd8c18000] [id=3452]
  0x00007feff403d8f0 GCTaskThread "GC Thread#0" [stack: 0x00007feff8a7f000,0x00007feff8b7f000] [id=3431]

Threads with active compile tasks:
JVMCI-native CompilerThread0  1352426 8576       4       java.lang.AbstractStringBuilder::append (55 bytes)

VM state: synchronizing (normal execution)

VM Mutex/Monitor currently owned by a thread:  ([mutex/lock_event])
[0x00007feff4023140] Threads_lock - owner thread: 0x00007feff40a16d0
[0x00007feff40238f0] Heap_lock - owner thread: 0x00007fef884064c0

OutOfMemory and StackOverflow Exception counts:
OutOfMemoryError java_heap_errors=2
LinkageErrors=37

Heap address: 0x00000000e0000000, size: 512 MB, Compressed Oops mode: 32-bit

CDS archive(s) mapped at: [0x0000000800000000-0x0000000800bc8000-0x0000000800bc8000), size 12353536, SharedBaseAddress: 0x0000000800000000, ArchiveRelocationMode: 0.
Compressed class space mapped at: 0x0000000800c00000-0x0000000840c00000, reserved size: 1073741824
Narrow klass base: 0x0000000800000000, Narrow klass shift: 0, Narrow klass range: 0x100000000

GC Precious Log:
 CPUs: 8 total, 1 available
 Memory: 1024M
 Large Page Support: Disabled
 NUMA Support: Disabled
 Compressed Oops: Enabled (32-bit)
 Alignments: Space 512K, Generation 512K, Heap 2M
 Heap Min Capacity: 100M
 Heap Initial Capacity: 100M
 Heap Max Capacity: 512M
 Pre-touch: Disabled
 Parallel Workers: 1

Heap:
 PSYoungGen      total 45568K, used 19967K [0x00000000f5580000, 0x00000000f9c00000, 0x0000000100000000)
  eden space 19968K, 99% used [0x00000000f5580000,0x00000000f68ffff0,0x00000000f6900000)
  from space 25600K, 0% used [0x00000000f6900000,0x00000000f6900000,0x00000000f8200000)
  to   space 24576K, 0% used [0x00000000f8400000,0x00000000f8400000,0x00000000f9c00000)
 ParOldGen       total 349696K, used 349695K [0x00000000e0000000, 0x00000000f5580000, 0x00000000f5580000)
  object space 349696K, 99% used [0x00000000e0000000,0x00000000f557fff8,0x00000000f5580000)
 Metaspace       used 50769K, committed 51520K, reserved 1097728K
  class space    used 4840K, committed 5184K, reserved 1048576K

Card table byte_map: [0x00007feff8b7f000,0x00007feff8c80000] _byte_map_base: 0x00007feff847f000

Marking Bits: (ParMarkBitMap*) 0x00007feffa2cf4c0
 Begin Bits: [0x00007fefda4b3000, 0x00007fefdacb3000)
 End Bits:   [0x00007fefdacb3000, 0x00007fefdb4b3000)

Polling page: 0x00007feff8e99000

Metaspace:

Usage:
  Non-class:     44.85 MB used.
      Class:      4.73 MB used.
       Both:     49.58 MB used.

Virtual space:
  Non-class space:       48.00 MB reserved,      45.25 MB ( 94%) committed,  6 nodes.
      Class space:        1.00 GB reserved,       5.06 MB ( <1%) committed,  1 nodes.
             Both:        1.05 GB reserved,      50.31 MB (  5%) committed. 

Chunk freelists:
   Non-Class:  2.80 MB
       Class:  2.90 MB
        Both:  5.71 MB

MaxMetaspaceSize: unlimited
CompressedClassSpaceSize: 1.00 GB
Initial GC threshold: 21.00 MB
Current GC threshold: 83.88 MB
CDS: on
MetaspaceReclaimPolicy: balanced
 - commit_granule_bytes: 65536.
 - commit_granule_words: 8192.
 - virtual_space_node_default_size: 1048576.
 - enlarge_chunks_in_place: 1.
 - new_chunks_are_fully_committed: 0.
 - uncommit_free_chunks: 1.
 - use_allocation_guard: 0.
 - handle_deallocations: 1.


Internal statistics:

num_allocs_failed_limit: 6.
num_arena_births: 316.
num_arena_deaths: 56.
num_vsnodes_births: 7.
num_vsnodes_deaths: 0.
num_space_committed: 803.
num_space_uncommitted: 0.
num_chunks_returned_to_freelist: 74.
num_chunks_taken_from_freelist: 2317.
num_chunk_merges: 30.
num_chunk_splits: 1565.
num_chunks_enlarged: 1031.
num_purges: 4.
num_inconsistent_stats: 0.

CodeHeap 'non-profiled nmethods': size=120036Kb used=2376Kb max_used=2376Kb free=117659Kb
 bounds [0x00007fefe2f7a000, 0x00007fefe31ea000, 0x00007fefea4b3000]
CodeHeap 'profiled nmethods': size=120032Kb used=14514Kb max_used=16186Kb free=105517Kb
 bounds [0x00007fefdba42000, 0x00007fefdca92000, 0x00007fefe2f7a000]
CodeHeap 'non-nmethods': size=5692Kb used=1346Kb max_used=1359Kb free=4345Kb
 bounds [0x00007fefdb4b3000, 0x00007fefdb723000, 0x00007fefdba42000]
 total_blobs=6878 nmethods=6202 adapters=568
 compilation: enabled
              stopped_count=0, restarted_count=0
 full_count=0

JVMCI Events (20 events):
Event: 833.950 Thread 0x00007feff40b1ca0 releasing handles for JVMCI runtime 0: oop handles=59, metadata handles={total=128, live=113, blocks=26}
Event: 833.950 Thread 0x00007feff40b1ca0 detached from JVMCI runtime 0
Event: 970.809 Thread 0x00007feff40b1ca0 attached to JVMCI runtime 0
Event: 970.824 Thread 0x00007feff40b1ca0 created JavaVM[6]@0x00007fef9f39e340 for JVMCI runtime 0
Event: 970.824 Thread 0x00007feff40b1ca0 initializing JVMCI runtime 0
Event: 970.824 Thread 0x00007feff40b1ca0 done waiting for JavaVM references initialization in JVMCI runtime 0
Event: 1121.526 Thread 0x00007feff40b1ca0 initialized JVMCI runtime 0
Event: 1134.941 Thread 0x00007feff40b1ca0 compacted oop handles in JVMCI runtime 0 from 49 to 48
Event: 1148.567 Thread 0x00007feff40b1ca0 compacted oop handles in JVMCI runtime 0 from 89 to 84
Event: 1150.808 Thread 0x00007feff40b1ca0 detaching from JVMCI runtime 0: releasing idle compiler thread (0 other threads still attached)
Event: 1150.808 Thread 0x00007feff40b1ca0 shutting down HotSpotJVMCIRuntime for JVMCI runtime 0
Event: 1155.510 Thread 0x00007feff40b1ca0 shut down JVMCI runtime 0
Event: 1155.514 Thread 0x00007feff40b1ca0 destroyed JavaVM[6]@0x00007fef9f39e340 for JVMCI runtime 0
Event: 1155.514 Thread 0x00007feff40b1ca0 compacted oop handles in JVMCI runtime 0 from 84 to 84
Event: 1155.514 Thread 0x00007feff40b1ca0 releasing handles for JVMCI runtime 0: oop handles=84, metadata handles={total=139, live=135, blocks=26}
Event: 1155.514 Thread 0x00007feff40b1ca0 detached from JVMCI runtime 0
Event: 1269.800 Thread 0x00007feff40b1ca0 attached to JVMCI runtime 0
Event: 1269.804 Thread 0x00007feff40b1ca0 created JavaVM[7]@0x00007fef9f39e340 for JVMCI runtime 0
Event: 1272.030 Thread 0x00007feff40b1ca0 initializing JVMCI runtime 0
Event: 1272.030 Thread 0x00007feff40b1ca0 done waiting for JavaVM references initialization in JVMCI runtime 0

Compilation events (20 events):
Event: 802.035 Thread 0x00007feff40b31b0 8565       3       org.eclipse.lsp4j.jsonrpc.messages.Either::forLeft (10 bytes)
Event: 802.035 Thread 0x00007feff40b31b0 nmethod 8565 0x00007fefdbb26f10 code [0x00007fefdbb270c0, 0x00007fefdbb272d0]
Event: 831.452 Thread 0x00007feff40b1ca0 nmethod 8560 0x00007fefe31c8f90 code [0x00007fefe31c9180, 0x00007fefe31c9a50]
Event: 970.809 Thread 0x00007feff40b1ca0 8566       4       java.lang.String::startsWith (138 bytes)
Event: 1045.611 Thread 0x00007feff40b31b0 8568       1       jdk.xml.internal.XMLSecurityManager$Limit::systemProperty (5 bytes)
Event: 1045.611 Thread 0x00007feff40b31b0 nmethod 8568 0x00007fefe31ca090 code [0x00007fefe31ca220, 0x00007fefe31ca2f0]
Event: 1134.929 Thread 0x00007feff40b1ca0 nmethod 8566 0x00007fefe31ca390 code [0x00007fefe31ca520, 0x00007fefe31ca778]
Event: 1134.930 Thread 0x00007feff40b1ca0 8567       4       java.util.concurrent.ConcurrentHashMap$Traverser::advance (188 bytes)
Event: 1134.941 Thread 0x00007feff40b1ca0 nmethod 8567 0x00007fefe31ca910 code [0x00007fefe31caaa0, 0x00007fefe31cad20]
Event: 1134.941 Thread 0x00007feff40b1ca0 8570       4       java.util.HashMap$EntryIterator::next (5 bytes)
Event: 1137.024 Thread 0x00007feff40b1ca0 nmethod 8570 0x00007fefe31cae90 code [0x00007fefe31cb020, 0x00007fefe31cb200]
Event: 1137.025 Thread 0x00007feff40b1ca0 8569       4       org.eclipse.osgi.internal.loader.BundleLoader::findClass (7 bytes)
Event: 1148.567 Thread 0x00007feff40b1ca0 nmethod 8569 0x00007fefe31cb390 code [0x00007fefe31cb520, 0x00007fefe31cb590]
Event: 1191.428 Thread 0x00007feff40b31b0 8571       3       java.util.concurrent.ThreadPoolExecutor::isShutdown (12 bytes)
Event: 1191.430 Thread 0x00007feff40b31b0 nmethod 8571 0x00007fefdbba5a10 code [0x00007fefdbba5bc0, 0x00007fefdbba5db0]
Event: 1232.951 Thread 0x00007feff40b31b0 8575       3       java.lang.Math::addExact (32 bytes)
Event: 1232.951 Thread 0x00007feff40b31b0 nmethod 8575 0x00007fefdbbd1690 code [0x00007fefdbbd1840, 0x00007fefdbbd1a40]
Event: 1269.800 Thread 0x00007feff40b1ca0 8576       4       java.lang.AbstractStringBuilder::append (55 bytes)
Event: 1338.641 Thread 0x00007feff40b31b0 8580       3       java.util.concurrent.locks.AbstractQueuedSynchronizer$ConditionObject::signal (34 bytes)
Event: 1340.924 Thread 0x00007feff40b31b0 nmethod 8580 0x00007fefdc021490 code [0x00007fefdc021660, 0x00007fefdc021b00]

GC Heap History (20 events):
Event: 1329.851 GC heap before
{Heap before GC invocations=642 (full 529):
 PSYoungGen      total 45568K, used 19967K [0x00000000f5580000, 0x00000000f9c00000, 0x0000000100000000)
  eden space 19968K, 99% used [0x00000000f5580000,0x00000000f68fffd8,0x00000000f6900000)
  from space 25600K, 0% used [0x00000000f6900000,0x00000000f6900000,0x00000000f8200000)
  to   space 24576K, 0% used [0x00000000f8400000,0x00000000f8400000,0x00000000f9c00000)
 ParOldGen       total 349696K, used 349695K [0x00000000e0000000, 0x00000000f5580000, 0x00000000f5580000)
  object space 349696K, 99% used [0x00000000e0000000,0x00000000f557fe18,0x00000000f5580000)
 Metaspace       used 50769K, committed 51520K, reserved 1097728K
  class space    used 4840K, committed 5184K, reserved 1048576K
}
Event: 1331.946 GC heap after
{Heap after GC invocations=642 (full 529):
 PSYoungGen      total 44544K, used 19967K [0x00000000f5580000, 0x00000000f9c00000, 0x0000000100000000)
  eden space 19968K, 99% used [0x00000000f5580000,0x00000000f68fffb8,0x00000000f6900000)
  from space 24576K, 0% used [0x00000000f8400000,0x00000000f8400000,0x00000000f9c00000)
  to   space 25600K, 0% used [0x00000000f6900000,0x00000000f6900000,0x00000000f8200000)
 ParOldGen       total 349696K, used 349695K [0x00000000e0000000, 0x00000000f5580000, 0x00000000f5580000)
  object space 349696K, 99% used [0x00000000e0000000,0x00000000f557fe18,0x00000000f5580000)
 Metaspace       used 50769K, committed 51520K, reserved 1097728K
  class space    used 4840K, committed 5184K, reserved 1048576K
}
Event: 1331.997 GC heap before
{Heap before GC invocations=643 (full 530):
 PSYoungGen      total 44544K, used 19967K [0x00000000f5580000, 0x00000000f9c00000, 0x0000000100000000)
  eden space 19968K, 99% used [0x00000000f5580000,0x00000000f68ffff0,0x00000000f6900000)
  from space 24576K, 0% used [0x00000000f8400000,0x00000000f8400000,0x00000000f9c00000)
  to   space 25600K, 0% used [0x00000000f6900000,0x00000000f6900000,0x00000000f8200000)
 ParOldGen       total 349696K, used 349696K [0x00000000e0000000, 0x00000000f5580000, 0x00000000f5580000)
  object space 349696K, 100% used [0x00000000e0000000,0x00000000f5580000,0x00000000f5580000)
 Metaspace       used 50769K, committed 51520K, reserved 1097728K
  class space    used 4840K, committed 5184K, reserved 1048576K
}
Event: 1334.234 GC heap after
{Heap after GC invocations=643 (full 530):
 PSYoungGen      total 45568K, used 19967K [0x00000000f5580000, 0x00000000f9c00000, 0x0000000100000000)
  eden space 19968K, 99% used [0x00000000f5580000,0x00000000f68ffee0,0x00000000f6900000)
  from space 25600K, 0% used [0x00000000f6900000,0x00000000f6900000,0x00000000f8200000)
  to   space 24576K, 0% used [0x00000000f8400000,0x00000000f8400000,0x00000000f9c00000)
 ParOldGen       total 349696K, used 349695K [0x00000000e0000000, 0x00000000f5580000, 0x00000000f5580000)
  object space 349696K, 99% used [0x00000000e0000000,0x00000000f557fe50,0x00000000f5580000)
 Metaspace       used 50769K, committed 51520K, reserved 1097728K
  class space    used 4840K, committed 5184K, reserved 1048576K
}
Event: 1334.234 GC heap before
{Heap before GC invocations=644 (full 531):
 PSYoungGen      total 45568K, used 19967K [0x00000000f5580000, 0x00000000f9c00000, 0x0000000100000000)
  eden space 19968K, 99% used [0x00000000f5580000,0x00000000f68ffff0,0x00000000f6900000)
  from space 25600K, 0% used [0x00000000f6900000,0x00000000f6900000,0x00000000f8200000)
  to   space 24576K, 0% used [0x00000000f8400000,0x00000000f8400000,0x00000000f9c00000)
 ParOldGen       total 349696K, used 349695K [0x00000000e0000000, 0x00000000f5580000, 0x00000000f5580000)
  object space 349696K, 99% used [0x00000000e0000000,0x00000000f557fe50,0x00000000f5580000)
 Metaspace       used 50769K, committed 51520K, reserved 1097728K
  class space    used 4840K, committed 5184K, reserved 1048576K
}
Event: 1336.446 GC heap after
{Heap after GC invocations=644 (full 531):
 PSYoungGen      total 44544K, used 19967K [0x00000000f5580000, 0x00000000f9c00000, 0x0000000100000000)
  eden space 19968K, 99% used [0x00000000f5580000,0x00000000f68fff88,0x00000000f6900000)
  from space 24576K, 0% used [0x00000000f8400000,0x00000000f8400000,0x00000000f9c00000)
  to   space 25600K, 0% used [0x00000000f6900000,0x00000000f6900000,0x00000000f8200000)
 ParOldGen       total 349696K, used 349695K [0x00000000e0000000, 0x00000000f5580000, 0x00000000f5580000)
  object space 349696K, 99% used [0x00000000e0000000,0x00000000f557fe50,0x00000000f5580000)
 Metaspace       used 50769K, committed 51520K, reserved 1097728K
  class space    used 4840K, committed 5184K, reserved 1048576K
}
Event: 1336.446 GC heap before
{Heap before GC invocations=645 (full 532):
 PSYoungGen      total 44544K, used 19967K [0x00000000f5580000, 0x00000000f9c00000, 0x0000000100000000)
  eden space 19968K, 99% used [0x00000000f5580000,0x00000000f68fffe0,0x00000000f6900000)
  from space 24576K, 0% used [0x00000000f8400000,0x00000000f8400000,0x00000000f9c00000)
  to   space 25600K, 0% used [0x00000000f6900000,0x00000000f6900000,0x00000000f8200000)
 ParOldGen       total 349696K, used 349695K [0x00000000e0000000, 0x00000000f5580000, 0x00000000f5580000)
  object space 349696K, 99% used [0x00000000e0000000,0x00000000f557fe50,0x00000000f5580000)
 Metaspace       used 50769K, committed 51520K, reserved 1097728K
  class space    used 4840K, committed 5184K, reserved 1048576K
}
Event: 1338.640 GC heap after
{Heap after GC invocations=645 (full 532):
 PSYoungGen      total 45568K, used 19967K [0x00000000f5580000, 0x00000000f9c00000, 0x0000000100000000)
  eden space 19968K, 99% used [0x00000000f5580000,0x00000000f68fffc0,0x00000000f6900000)
  from space 25600K, 0% used [0x00000000f6900000,0x00000000f6900000,0x00000000f8200000)
  to   space 24576K, 0% used [0x00000000f8400000,0x00000000f8400000,0x00000000f9c00000)
 ParOldGen       total 349696K, used 349695K [0x00000000e0000000, 0x00000000f5580000, 0x00000000f5580000)
  object space 349696K, 99% used [0x00000000e0000000,0x00000000f557fe50,0x00000000f5580000)
 Metaspace       used 50769K, committed 51520K, reserved 1097728K
  class space    used 4840K, committed 5184K, reserved 1048576K
}
Event: 1338.641 GC heap before
{Heap before GC invocations=646 (full 533):
 PSYoungGen      total 45568K, used 19968K [0x00000000f5580000, 0x00000000f9c00000, 0x0000000100000000)
  eden space 19968K, 100% used [0x00000000f5580000,0x00000000f6900000,0x00000000f6900000)
  from space 25600K, 0% used [0x00000000f6900000,0x00000000f6900000,0x00000000f8200000)
  to   space 24576K, 0% used [0x00000000f8400000,0x00000000f8400000,0x00000000f9c00000)
 ParOldGen       total 349696K, used 349695K [0x00000000e0000000, 0x00000000f5580000, 0x00000000f5580000)
  object space 349696K, 99% used [0x00000000e0000000,0x00000000f557fe50,0x00000000f5580000)
 Metaspace       used 50769K, committed 51520K, reserved 1097728K
  class space    used 4840K, committed 5184K, reserved 1048576K
}
Event: 1340.924 GC heap after
{Heap after GC invocations=646 (full 533):
 PSYoungGen      total 44544K, used 19967K [0x00000000f5580000, 0x00000000f9c00000, 0x0000000100000000)
  eden space 19968K, 99% used [0x00000000f5580000,0x00000000f68fff50,0x00000000f6900000)
  from space 24576K, 0% used [0x00000000f8400000,0x00000000f8400000,0x00000000f9c00000)
  to   space 25600K, 0% used [0x00000000f6900000,0x00000000f6900000,0x00000000f8200000)
 ParOldGen       total 349696K, used 349695K [0x00000000e0000000, 0x00000000f5580000, 0x00000000f5580000)
  object space 349696K, 99% used [0x00000000e0000000,0x00000000f557fe50,0x00000000f5580000)
 Metaspace       used 50769K, committed 51520K, reserved 1097728K
  class space    used 4840K, committed 5184K, reserved 1048576K
}
Event: 1340.926 GC heap before
{Heap before GC invocations=647 (full 534):
 PSYoungGen      total 44544K, used 19967K [0x00000000f5580000, 0x00000000f9c00000, 0x0000000100000000)
  eden space 19968K, 99% used [0x00000000f5580000,0x00000000f68fffa8,0x00000000f6900000)
  from space 24576K, 0% used [0x00000000f8400000,0x00000000f8400000,0x00000000f9c00000)
  to   space 25600K, 0% used [0x00000000f6900000,0x00000000f6900000,0x00000000f8200000)
 ParOldGen       total 349696K, used 349695K [0x00000000e0000000, 0x00000000f5580000, 0x00000000f5580000)
  object space 349696K, 99% used [0x00000000e0000000,0x00000000f557fe50,0x00000000f5580000)
 Metaspace       used 50769K, committed 51520K, reserved 1097728K
  class space    used 4840K, committed 5184K, reserved 1048576K
}
Event: 1343.224 GC heap after
{Heap after GC invocations=647 (full 534):
 PSYoungGen      total 45568K, used 19967K [0x00000000f5580000, 0x00000000f9c00000, 0x0000000100000000)
  eden space 19968K, 99% used [0x00000000f5580000,0x00000000f68ffea8,0x00000000f6900000)
  from space 25600K, 0% used [0x00000000f6900000,0x00000000f6900000,0x00000000f8200000)
  to   space 24576K, 0% used [0x00000000f8400000,0x00000000f8400000,0x00000000f9c00000)
 ParOldGen       total 349696K, used 349695K [0x00000000e0000000, 0x00000000f5580000, 0x00000000f5580000)
  object space 349696K, 99% used [0x00000000e0000000,0x00000000f557fe38,0x00000000f5580000)
 Metaspace       used 50769K, committed 51520K, reserved 1097728K
  class space    used 4840K, committed 5184K, reserved 1048576K
}
Event: 1343.228 GC heap before
{Heap before GC invocations=648 (full 535):
 PSYoungGen      total 45568K, used 19967K [0x00000000f5580000, 0x00000000f9c00000, 0x0000000100000000)
  eden space 19968K, 99% used [0x00000000f5580000,0x00000000f68ffff0,0x00000000f6900000)
  from space 25600K, 0% used [0x00000000f6900000,0x00000000f6900000,0x00000000f8200000)
  to   space 24576K, 0% used [0x00000000f8400000,0x00000000f8400000,0x00000000f9c00000)
 ParOldGen       total 349696K, used 349695K [0x00000000e0000000, 0x00000000f5580000, 0x00000000f5580000)
  object space 349696K, 99% used [0x00000000e0000000,0x00000000f557fe38,0x00000000f5580000)
 Metaspace       used 50769K, committed 51520K, reserved 1097728K
  class space    used 4840K, committed 5184K, reserved 1048576K
}
Event: 1345.349 GC heap after
{Heap after GC invocations=648 (full 535):
 PSYoungGen      total 44544K, used 19967K [0x00000000f5580000, 0x00000000f9c00000, 0x0000000100000000)
  eden space 19968K, 99% used [0x00000000f5580000,0x00000000f68ffff0,0x00000000f6900000)
  from space 24576K, 0% used [0x00000000f8400000,0x00000000f8400000,0x00000000f9c00000)
  to   space 25600K, 0% used [0x00000000f6900000,0x00000000f6900000,0x00000000f8200000)
 ParOldGen       total 349696K, used 349695K [0x00000000e0000000, 0x00000000f5580000, 0x00000000f5580000)
  object space 349696K, 99% used [0x00000000e0000000,0x00000000f557fe38,0x00000000f5580000)
 Metaspace       used 50769K, committed 51520K, reserved 1097728K
  class space    used 4840K, committed 5184K, reserved 1048576K
}
Event: 1345.351 GC heap before
{Heap before GC invocations=649 (full 536):
 PSYoungGen      total 44544K, used 19968K [0x00000000f5580000, 0x00000000f9c00000, 0x0000000100000000)
  eden space 19968K, 100% used [0x00000000f5580000,0x00000000f6900000,0x00000000f6900000)
  from space 24576K, 0% used [0x00000000f8400000,0x00000000f8400000,0x00000000f9c00000)
  to   space 25600K, 0% used [0x00000000f6900000,0x00000000f6900000,0x00000000f8200000)
 ParOldGen       total 349696K, used 349695K [0x00000000e0000000, 0x00000000f5580000, 0x00000000f5580000)
  object space 349696K, 99% used [0x00000000e0000000,0x00000000f557fff8,0x00000000f5580000)
 Metaspace       used 50769K, committed 51520K, reserved 1097728K
  class space    used 4840K, committed 5184K, reserved 1048576K
}
Event: 1347.554 GC heap after
{Heap after GC invocations=649 (full 536):
 PSYoungGen      total 45568K, used 19967K [0x00000000f5580000, 0x00000000f9c00000, 0x0000000100000000)
  eden space 19968K, 99% used [0x00000000f5580000,0x00000000f68ffff0,0x00000000f6900000)
  from space 25600K, 0% used [0x00000000f6900000,0x00000000f6900000,0x00000000f8200000)
  to   space 24576K, 0% used [0x00000000f8400000,0x00000000f8400000,0x00000000f9c00000)
 ParOldGen       total 349696K, used 349695K [0x00000000e0000000, 0x00000000f5580000, 0x00000000f5580000)
  object space 349696K, 99% used [0x00000000e0000000,0x00000000f557fff8,0x00000000f5580000)
 Metaspace       used 50769K, committed 51520K, reserved 1097728K
  class space    used 4840K, committed 5184K, reserved 1048576K
}
Event: 1347.555 GC heap before
{Heap before GC invocations=650 (full 537):
 PSYoungGen      total 45568K, used 19968K [0x00000000f5580000, 0x00000000f9c00000, 0x0000000100000000)
  eden space 19968K, 100% used [0x00000000f5580000,0x00000000f6900000,0x00000000f6900000)
  from space 25600K, 0% used [0x00000000f6900000,0x00000000f6900000,0x00000000f8200000)
  to   space 24576K, 0% used [0x00000000f8400000,0x00000000f8400000,0x00000000f9c00000)
 ParOldGen       total 349696K, used 349695K [0x00000000e0000000, 0x00000000f5580000, 0x00000000f5580000)
  object space 349696K, 99% used [0x00000000e0000000,0x00000000f557fff8,0x00000000f5580000)
 Metaspace       used 50769K, committed 51520K, reserved 1097728K
  class space    used 4840K, committed 5184K, reserved 1048576K
}
Event: 1349.872 GC heap after
{Heap after GC invocations=650 (full 537):
 PSYoungGen      total 44544K, used 19967K [0x00000000f5580000, 0x00000000f9c00000, 0x0000000100000000)
  eden space 19968K, 99% used [0x00000000f5580000,0x00000000f68ffff0,0x00000000f6900000)
  from space 24576K, 0% used [0x00000000f8400000,0x00000000f8400000,0x00000000f9c00000)
  to   space 25600K, 0% used [0x00000000f6900000,0x00000000f6900000,0x00000000f8200000)
 ParOldGen       total 349696K, used 349695K [0x00000000e0000000, 0x00000000f5580000, 0x00000000f5580000)
  object space 349696K, 99% used [0x00000000e0000000,0x00000000f557fff8,0x00000000f5580000)
 Metaspace       used 50769K, committed 51520K, reserved 1097728K
  class space    used 4840K, committed 5184K, reserved 1048576K
}
Event: 1349.872 GC heap before
{Heap before GC invocations=651 (full 538):
 PSYoungGen      total 44544K, used 19967K [0x00000000f5580000, 0x00000000f9c00000, 0x0000000100000000)
  eden space 19968K, 99% used [0x00000000f5580000,0x00000000f68ffff0,0x00000000f6900000)
  from space 24576K, 0% used [0x00000000f8400000,0x00000000f8400000,0x00000000f9c00000)
  to   space 25600K, 0% used [0x00000000f6900000,0x00000000f6900000,0x00000000f8200000)
 ParOldGen       total 349696K, used 349695K [0x00000000e0000000, 0x00000000f5580000, 0x00000000f5580000)
  object space 349696K, 99% used [0x00000000e0000000,0x00000000f557fff8,0x00000000f5580000)
 Metaspace       used 50769K, committed 51520K, reserved 1097728K
  class space    used 4840K, committed 5184K, reserved 1048576K
}
Event: 1352.319 GC heap after
{Heap after GC invocations=651 (full 538):
 PSYoungGen      total 45568K, used 19967K [0x00000000f5580000, 0x00000000f9c00000, 0x0000000100000000)
  eden space 19968K, 99% used [0x00000000f5580000,0x00000000f68ffff0,0x00000000f6900000)
  from space 25600K, 0% used [0x00000000f6900000,0x00000000f6900000,0x00000000f8200000)
  to   space 24576K, 0% used [0x00000000f8400000,0x00000000f8400000,0x00000000f9c00000)
 ParOldGen       total 349696K, used 349695K [0x00000000e0000000, 0x00000000f5580000, 0x00000000f5580000)
  object space 349696K, 99% used [0x00000000e0000000,0x00000000f557fff8,0x00000000f5580000)
 Metaspace       used 50769K, committed 51520K, reserved 1097728K
  class space    used 4840K, committed 5184K, reserved 1048576K
}

Dll operation events (8 events):
Event: 0.008 Loaded shared library /nix/store/gpxl5qgg8kicmcvivwmybwjlpf7wh20l-graalvm17-ce-22.3.0/lib/libjava.so
Event: 0.020 Loaded shared library /nix/store/gpxl5qgg8kicmcvivwmybwjlpf7wh20l-graalvm17-ce-22.3.0/lib/libjsvml.so
Event: 0.504 Loaded shared library /nix/store/gpxl5qgg8kicmcvivwmybwjlpf7wh20l-graalvm17-ce-22.3.0/lib/libnio.so
Event: 0.508 Loaded shared library /nix/store/gpxl5qgg8kicmcvivwmybwjlpf7wh20l-graalvm17-ce-22.3.0/lib/libzip.so
Event: 0.514 Loaded shared library /nix/store/gpxl5qgg8kicmcvivwmybwjlpf7wh20l-graalvm17-ce-22.3.0/lib/libjvmcicompiler.so
Event: 1.102 Loaded shared library /nix/store/gpxl5qgg8kicmcvivwmybwjlpf7wh20l-graalvm17-ce-22.3.0/lib/libjimage.so
Event: 3.798 Loaded shared library /nix/store/gpxl5qgg8kicmcvivwmybwjlpf7wh20l-graalvm17-ce-22.3.0/lib/libnet.so
Event: 5.937 Loaded shared library /home/runner/cisc349-1st-assigmnet/.cache/jdt-language-server/config/org.eclipse.equinox.launcher/org.eclipse.equinox.launcher.gtk.linux.x86_64_1.2.400.v20211117-0650/eclipse_11600.so

Deoptimization events (20 events):
Event: 135.254 Thread 0x00007feff4410390 Uncommon trap: trap_request=0xffffffed fr.pc=0x00007fefe30ddc8e relative=0x000000000000016e
Event: 135.254 Thread 0x00007feff4410390 Uncommon trap: reason=null_assert_or_unreached0 action=reinterpret pc=0x00007fefe30ddc8e method=com.google.gson.stream.JsonReader.peek()Lcom/google/gson/stream/JsonToken; @ 14 jvmci
Event: 135.254 Thread 0x00007feff4410390 DEOPT PACKING pc=0x00007fefe30ddc8e sp=0x00007fef9fffde10
Event: 135.254 Thread 0x00007feff4410390 DEOPT UNPACKING pc=0x00007fefdb505325 sp=0x00007fef9fffd2a8 mode 3
Event: 135.517 Thread 0x00007fef601fe720 Uncommon trap: trap_request=0xffffffed fr.pc=0x00007fefe3168b0a relative=0x00000000000014ea
Event: 135.517 Thread 0x00007fef601fe720 Uncommon trap: reason=null_assert_or_unreached0 action=reinterpret pc=0x00007fefe3168b0a method=org.eclipse.jdt.internal.compiler.parser.Parser.consumeRule(I)V @ 0 jvmci
Event: 135.517 Thread 0x00007fef601fe720 DEOPT PACKING pc=0x00007fefe3168b0a sp=0x00007fefa15fdec0
Event: 135.517 Thread 0x00007fef601fe720 DEOPT UNPACKING pc=0x00007fefdb505325 sp=0x00007fefa15fd358 mode 3
Event: 135.526 Thread 0x00007fef601a5950 Uncommon trap: trap_request=0xffffffcd fr.pc=0x00007fefe3187676 relative=0x0000000000000a56
Event: 135.526 Thread 0x00007fef601a5950 Uncommon trap: reason=intrinsic_or_type_checked_inlining action=reinterpret pc=0x00007fefe3187676 method=java.util.TimSort.binarySort([Ljava/lang/Object;IIILjava/util/Comparator;)V @ 32 jvmci
Event: 135.526 Thread 0x00007fef601a5950 DEOPT PACKING pc=0x00007fefe3187676 sp=0x00007fef9f9fd630
Event: 135.526 Thread 0x00007fef601a5950 DEOPT UNPACKING pc=0x00007fefdb505325 sp=0x00007fef9f9fcaf0 mode 3
Event: 787.524 Thread 0x00007fef6016d4b0 Uncommon trap: trap_request=0xffffffed fr.pc=0x00007fefe30e2189 relative=0x0000000000002209
Event: 787.524 Thread 0x00007fef6016d4b0 Uncommon trap: reason=null_assert_or_unreached0 action=reinterpret pc=0x00007fefe30e2189 method=org.eclipse.jdt.internal.compiler.parser.Scanner.internalScanIdentifierOrKeyword(II[C)I @ 0 jvmci
Event: 787.524 Thread 0x00007fef6016d4b0 DEOPT PACKING pc=0x00007fefe30e2189 sp=0x00007fef9fdfdf90
Event: 787.524 Thread 0x00007fef6016d4b0 DEOPT UNPACKING pc=0x00007fefdb505325 sp=0x00007fef9fdfd430 mode 3
Event: 1134.997 Thread 0x00007fef88238970 Uncommon trap: trap_request=0xffffffcd fr.pc=0x00007fefe31bc1f7 relative=0x0000000000000a77
Event: 1134.997 Thread 0x00007fef88238970 Uncommon trap: reason=intrinsic_or_type_checked_inlining action=reinterpret pc=0x00007fefe31bc1f7 method=org.eclipse.jdt.internal.compiler.util.HashtableOfObjectToInt.put(Ljava/lang/Object;I)I @ 0 jvmci
Event: 1134.997 Thread 0x00007fef88238970 DEOPT PACKING pc=0x00007fefe31bc1f7 sp=0x00007fefa09fe0f0
Event: 1134.997 Thread 0x00007fef88238970 DEOPT UNPACKING pc=0x00007fefdb505325 sp=0x00007fefa09fd5e0 mode 3

Classes unloaded (20 events):
Event: 160.327 Thread 0x00007feff40a16d0 Unloading class 0x0000000800db8400 'jdk/internal/reflect/GeneratedSerializationConstructorAccessor1'
Event: 160.327 Thread 0x00007feff40a16d0 Unloading class 0x0000000800d9d000 'java/lang/invoke/LambdaForm$MH+0x0000000800d9d000'
Event: 160.327 Thread 0x00007feff40a16d0 Unloading class 0x0000000800d9cc00 'java/lang/invoke/LambdaForm$MH+0x0000000800d9cc00'
Event: 160.327 Thread 0x00007feff40a16d0 Unloading class 0x0000000800d9c800 'java/lang/invoke/LambdaForm$MH+0x0000000800d9c800'
Event: 160.327 Thread 0x00007feff40a16d0 Unloading class 0x0000000800d9c400 'java/lang/invoke/LambdaForm$MH+0x0000000800d9c400'
Event: 160.327 Thread 0x00007feff40a16d0 Unloading class 0x0000000800d9c000 'jdk/internal/reflect/GeneratedConstructorAccessor3'
Event: 160.327 Thread 0x00007feff40a16d0 Unloading class 0x0000000800d8d400 'java/lang/invoke/LambdaForm$MH+0x0000000800d8d400'
Event: 160.327 Thread 0x00007feff40a16d0 Unloading class 0x0000000800d8d000 'java/lang/invoke/LambdaForm$MH+0x0000000800d8d000'
Event: 160.327 Thread 0x00007feff40a16d0 Unloading class 0x0000000800d8cc00 'java/lang/invoke/LambdaForm$MH+0x0000000800d8cc00'
Event: 160.327 Thread 0x00007feff40a16d0 Unloading class 0x0000000800d8c800 'java/lang/invoke/LambdaForm$MH+0x0000000800d8c800'
Event: 160.327 Thread 0x00007feff40a16d0 Unloading class 0x0000000800d8c400 'java/lang/invoke/LambdaForm$MH+0x0000000800d8c400'
Event: 160.327 Thread 0x00007feff40a16d0 Unloading class 0x0000000800d8c000 'java/lang/invoke/LambdaForm$MH+0x0000000800d8c000'
Event: 160.327 Thread 0x00007feff40a16d0 Unloading class 0x0000000800cb2800 'java/lang/invoke/LambdaForm$MH+0x0000000800cb2800'
Event: 160.327 Thread 0x00007feff40a16d0 Unloading class 0x0000000800cb2000 'java/lang/invoke/LambdaForm$MH+0x0000000800cb2000'
Event: 160.327 Thread 0x00007feff40a16d0 Unloading class 0x0000000800cb1c00 'java/lang/invoke/LambdaForm$MH+0x0000000800cb1c00'
Event: 160.327 Thread 0x00007feff40a16d0 Unloading class 0x0000000800cb1800 'java/lang/invoke/LambdaForm$MH+0x0000000800cb1800'
Event: 160.327 Thread 0x00007feff40a16d0 Unloading class 0x0000000800cb1000 'java/lang/invoke/LambdaForm$MH+0x0000000800cb1000'
Event: 160.327 Thread 0x00007feff40a16d0 Unloading class 0x0000000800cb0c00 'java/lang/invoke/LambdaForm$MH+0x0000000800cb0c00'
Event: 160.327 Thread 0x00007feff40a16d0 Unloading class 0x0000000800cb0800 'java/lang/invoke/LambdaForm$MH+0x0000000800cb0800'
Event: 160.327 Thread 0x00007feff40a16d0 Unloading class 0x0000000800cb0000 'java/lang/invoke/LambdaForm$MH+0x0000000800cb0000'

Classes redefined (0 events):
No events

Internal exceptions (20 events):
Event: 68.808 Thread 0x00007fef601d96f0 Exception <a 'java/lang/ArrayIndexOutOfBoundsException'{0x00000000f5be5718}: Index 479 out of bounds for length 479> (0x00000000f5be5718) 
thrown [src/hotspot/share/interpreter/interpreterRuntime.cpp, line 428]
Event: 68.902 Thread 0x00007fef601d96f0 Exception <a 'java/lang/ArrayIndexOutOfBoundsException'{0x00000000f5bee538}: Index 479 out of bounds for length 479> (0x00000000f5bee538) 
thrown [src/hotspot/share/interpreter/interpreterRuntime.cpp, line 428]
Event: 68.902 Thread 0x00007fef601d96f0 Exception <a 'java/lang/ArrayIndexOutOfBoundsException'{0x00000000f5bee8e8}: Index 480 out of bounds for length 479> (0x00000000f5bee8e8) 
thrown [src/hotspot/share/interpreter/interpreterRuntime.cpp, line 428]
Event: 75.415 Thread 0x00007fef780010d0 Implicit null exception at 0x00007fefe30be5bf to 0x00007fefe30be76a
Event: 76.330 Thread 0x00007feff4410390 Exception <a 'java/lang/ClassNotFoundException'{0x00000000f5b36d98}: sun/util/logging/resources/spi/loggingProvider> (0x00000000f5b36d98) 
thrown [src/hotspot/share/classfile/systemDictionary.cpp, line 256]
Event: 76.475 Thread 0x00007fef60210e00 Exception <a 'java/lang/ArrayIndexOutOfBoundsException'{0x00000000f55cde20}: Index 483 out of bounds for length 483> (0x00000000f55cde20) 
thrown [src/hotspot/share/interpreter/interpreterRuntime.cpp, line 428]
Event: 76.617 Thread 0x00007fef60210e00 Exception <a 'java/lang/ClassCastException'{0x00000000f5b26c60}: class org.eclipse.jdt.internal.compiler.lookup.BinaryTypeBinding cannot be cast to class org.eclipse.jdt.internal.compiler.lookup.SourceTypeBinding (org.eclipse.jdt.internal.compiler.lookup.BinaryTypeBinding and org.eclipse.jdt.internal.compiler.lookup.SourceTypeBinding are in unnamed module of loader org.eclipse.osgi.internal.loader.EquinoxClassLoader @1419d91d)> (0x00000000f5b26c60) 
thrown [src/hotspot/share/interpreter/interpreterRuntime.
Event: 76.618 Thread 0x00007fef60210e00 Exception <a 'java/lang/ClassCastException'{0x00000000f5b271c0}: class org.eclipse.jdt.internal.compiler.lookup.BinaryTypeBinding cannot be cast to class org.eclipse.jdt.internal.compiler.lookup.SourceTypeBinding (org.eclipse.jdt.internal.compiler.lookup.BinaryTypeBinding and org.eclipse.jdt.internal.compiler.lookup.SourceTypeBinding are in unnamed module of loader org.eclipse.osgi.internal.loader.EquinoxClassLoader @1419d91d)> (0x00000000f5b271c0) 
thrown [src/hotspot/share/interpreter/interpreterRuntime.
Event: 76.618 Thread 0x00007fef60210e00 Exception <a 'java/lang/ClassCastException'{0x00000000f5b27628}: class org.eclipse.jdt.internal.compiler.lookup.BinaryTypeBinding cannot be cast to class org.eclipse.jdt.internal.compiler.lookup.SourceTypeBinding (org.eclipse.jdt.internal.compiler.lookup.BinaryTypeBinding and org.eclipse.jdt.internal.compiler.lookup.SourceTypeBinding are in unnamed module of loader org.eclipse.osgi.internal.loader.EquinoxClassLoader @1419d91d)> (0x00000000f5b27628) 
thrown [src/hotspot/share/interpreter/interpreterRuntime.
Event: 76.618 Thread 0x00007fef60210e00 Exception <a 'java/lang/ClassCastException'{0x00000000f5b27a90}: class org.eclipse.jdt.internal.compiler.lookup.BinaryTypeBinding cannot be cast to class org.eclipse.jdt.internal.compiler.lookup.SourceTypeBinding (org.eclipse.jdt.internal.compiler.lookup.BinaryTypeBinding and org.eclipse.jdt.internal.compiler.lookup.SourceTypeBinding are in unnamed module of loader org.eclipse.osgi.internal.loader.EquinoxClassLoader @1419d91d)> (0x00000000f5b27a90) 
thrown [src/hotspot/share/interpreter/interpreterRuntime.
Event: 76.618 Thread 0x00007fef60210e00 Exception <a 'java/lang/ClassCastException'{0x00000000f5b27ef8}: class org.eclipse.jdt.internal.compiler.lookup.BinaryTypeBinding cannot be cast to class org.eclipse.jdt.internal.compiler.lookup.SourceTypeBinding (org.eclipse.jdt.internal.compiler.lookup.BinaryTypeBinding and org.eclipse.jdt.internal.compiler.lookup.SourceTypeBinding are in unnamed module of loader org.eclipse.osgi.internal.loader.EquinoxClassLoader @1419d91d)> (0x00000000f5b27ef8) 
thrown [src/hotspot/share/interpreter/interpreterRuntime.
Event: 76.618 Thread 0x00007fef60210e00 Exception <a 'java/lang/ClassCastException'{0x00000000f5b28360}: class org.eclipse.jdt.internal.compiler.lookup.BinaryTypeBinding cannot be cast to class org.eclipse.jdt.internal.compiler.lookup.SourceTypeBinding (org.eclipse.jdt.internal.compiler.lookup.BinaryTypeBinding and org.eclipse.jdt.internal.compiler.lookup.SourceTypeBinding are in unnamed module of loader org.eclipse.osgi.internal.loader.EquinoxClassLoader @1419d91d)> (0x00000000f5b28360) 
thrown [src/hotspot/share/interpreter/interpreterRuntime.
Event: 76.618 Thread 0x00007fef60210e00 Exception <a 'java/lang/ClassCastException'{0x00000000f5b287c8}: class org.eclipse.jdt.internal.compiler.lookup.BinaryTypeBinding cannot be cast to class org.eclipse.jdt.internal.compiler.lookup.SourceTypeBinding (org.eclipse.jdt.internal.compiler.lookup.BinaryTypeBinding and org.eclipse.jdt.internal.compiler.lookup.SourceTypeBinding are in unnamed module of loader org.eclipse.osgi.internal.loader.EquinoxClassLoader @1419d91d)> (0x00000000f5b287c8) 
thrown [src/hotspot/share/interpreter/interpreterRuntime.
Event: 76.618 Thread 0x00007fef60210e00 Exception <a 'java/lang/ClassCastException'{0x00000000f5b28c30}: class org.eclipse.jdt.internal.compiler.lookup.BinaryTypeBinding cannot be cast to class org.eclipse.jdt.internal.compiler.lookup.SourceTypeBinding (org.eclipse.jdt.internal.compiler.lookup.BinaryTypeBinding and org.eclipse.jdt.internal.compiler.lookup.SourceTypeBinding are in unnamed module of loader org.eclipse.osgi.internal.loader.EquinoxClassLoader @1419d91d)> (0x00000000f5b28c30) 
thrown [src/hotspot/share/interpreter/interpreterRuntime.
Event: 76.618 Thread 0x00007fef60210e00 Exception <a 'java/lang/ClassCastException'{0x00000000f5b29098}: class org.eclipse.jdt.internal.compiler.lookup.BinaryTypeBinding cannot be cast to class org.eclipse.jdt.internal.compiler.lookup.SourceTypeBinding (org.eclipse.jdt.internal.compiler.lookup.BinaryTypeBinding and org.eclipse.jdt.internal.compiler.lookup.SourceTypeBinding are in unnamed module of loader org.eclipse.osgi.internal.loader.EquinoxClassLoader @1419d91d)> (0x00000000f5b29098) 
thrown [src/hotspot/share/interpreter/interpreterRuntime.
Event: 76.618 Thread 0x00007fef60210e00 Exception <a 'java/lang/ClassCastException'{0x00000000f5b29500}: class org.eclipse.jdt.internal.compiler.lookup.BinaryTypeBinding cannot be cast to class org.eclipse.jdt.internal.compiler.lookup.SourceTypeBinding (org.eclipse.jdt.internal.compiler.lookup.BinaryTypeBinding and org.eclipse.jdt.internal.compiler.lookup.SourceTypeBinding are in unnamed module of loader org.eclipse.osgi.internal.loader.EquinoxClassLoader @1419d91d)> (0x00000000f5b29500) 
thrown [src/hotspot/share/interpreter/interpreterRuntime.
Event: 76.618 Thread 0x00007fef60210e00 Exception <a 'java/lang/ClassCastException'{0x00000000f5b29968}: class org.eclipse.jdt.internal.compiler.lookup.BinaryTypeBinding cannot be cast to class org.eclipse.jdt.internal.compiler.lookup.SourceTypeBinding (org.eclipse.jdt.internal.compiler.lookup.BinaryTypeBinding and org.eclipse.jdt.internal.compiler.lookup.SourceTypeBinding are in unnamed module of loader org.eclipse.osgi.internal.loader.EquinoxClassLoader @1419d91d)> (0x00000000f5b29968) 
thrown [src/hotspot/share/interpreter/interpreterRuntime.
Event: 87.514 Thread 0x00007fef3c013310 Implicit null exception at 0x00007fefe30c3c33 to 0x00007fefe30c3fa2
Event: 1228.357 Thread 0x00007feff4410390 Exception <a 'java/lang/OutOfMemoryError'{0x00000000e00c5ed0}> (0x00000000e00c5ed0) 
thrown [src/hotspot/share/gc/shared/memAllocator.cpp, line 136]
Event: 1352.320 Thread 0x00007feff40b1ca0 Exception <a 'java/lang/OutOfMemoryError'{0x00000000e00c61a0}> (0x00000000e00c61a0) 
thrown [src/hotspot/share/gc/shared/memAllocator.cpp, line 136]

VM Operations (20 events):
Event: 1327.546 Executing VM operation: ParallelGCFailedAllocation
Event: 1329.838 Executing VM operation: ParallelGCFailedAllocation done
Event: 1329.847 Executing VM operation: ParallelGCFailedAllocation
Event: 1331.996 Executing VM operation: ParallelGCFailedAllocation done
Event: 1331.997 Executing VM operation: ParallelGCFailedAllocation
Event: 1334.234 Executing VM operation: ParallelGCFailedAllocation done
Event: 1334.234 Executing VM operation: ParallelGCFailedAllocation
Event: 1336.446 Executing VM operation: ParallelGCFailedAllocation done
Event: 1336.446 Executing VM operation: ParallelGCFailedAllocation
Event: 1338.641 Executing VM operation: ParallelGCFailedAllocation done
Event: 1338.641 Executing VM operation: ParallelGCFailedAllocation
Event: 1340.925 Executing VM operation: ParallelGCFailedAllocation done
Event: 1340.925 Executing VM operation: ParallelGCFailedAllocation
Event: 1343.224 Executing VM operation: ParallelGCFailedAllocation done
Event: 1343.224 Executing VM operation: ParallelGCFailedAllocation
Event: 1345.349 Executing VM operation: ParallelGCFailedAllocation done
Event: 1345.351 Executing VM operation: ParallelGCFailedAllocation
Event: 1347.554 Executing VM operation: ParallelGCFailedAllocation done
Event: 1347.555 Executing VM operation: ParallelGCFailedAllocation
Event: 1352.320 Executing VM operation: ParallelGCFailedAllocation done

Events (20 events):
Event: 135.406 Thread 0x00007fef601fe720 Thread added: 0x00007fef601fe720
Event: 135.411 Thread 0x00007fef60174db0 Thread added: 0x00007fef60174db0
Event: 135.416 Protecting memory [0x00007fefd8400000,0x00007fefd8404000] with protection modes 0
Event: 135.418 Protecting memory [0x00007fefa1500000,0x00007fefa1504000] with protection modes 0
Event: 135.424 Thread 0x00007fef601a5950 Thread added: 0x00007fef601a5950
Event: 135.432 Protecting memory [0x00007fef9f900000,0x00007fef9f904000] with protection modes 0
Event: 135.518 Thread 0x00007fef601a9d60 Thread added: 0x00007fef601a9d60
Event: 135.518 Thread 0x00007fef60174db0 Thread exited: 0x00007fef60174db0
Event: 135.518 Protecting memory [0x00007fefa1b00000,0x00007fefa1b04000] with protection modes 0
Event: 135.697 Thread 0x00007fef601fe720 Thread exited: 0x00007fef601fe720
Event: 135.726 Thread 0x00007fef601a9d60 Thread exited: 0x00007fef601a9d60
Event: 135.726 Thread 0x00007fef601a5950 Thread exited: 0x00007fef601a5950
Event: 151.245 Thread 0x00007fef3c013310 Thread exited: 0x00007fef3c013310
Event: 151.245 Thread 0x00007fef3c01bd60 Thread exited: 0x00007fef3c01bd60
Event: 164.695 Thread 0x00007fef780010d0 Thread exited: 0x00007fef780010d0
Event: 164.695 Thread 0x00007fef6409ea10 Thread exited: 0x00007fef6409ea10
Event: 164.707 Thread 0x00007fef7c00e820 Thread exited: 0x00007fef7c00e820
Event: 454.204 Thread 0x00007fef6016d4b0 Thread added: 0x00007fef6016d4b0
Event: 454.204 Protecting memory [0x00007fef9fd00000,0x00007fef9fd04000] with protection modes 0
Event: 797.920 Thread 0x00007fef6016d4b0 Thread exited: 0x00007fef6016d4b0


Dynamic libraries:
e0000000-f2800000 rw-p 00000000 00:00 0 
f2800000-f9c00000 rw-p 00000000 00:00 0 
f9c00000-100000000 ---p 00000000 00:00 0 
800000000-800449000 rw-p 00001000 00:15b 707969865                       /nix/store/gpxl5qgg8kicmcvivwmybwjlpf7wh20l-graalvm17-ce-22.3.0/lib/server/classes.jsa
800449000-800bc8000 r--p 0044a000 00:15b 707969865                       /nix/store/gpxl5qgg8kicmcvivwmybwjlpf7wh20l-graalvm17-ce-22.3.0/lib/server/classes.jsa
800bc8000-800c00000 ---p 00000000 00:00 0 
800c00000-800c10000 rw-p 00000000 00:00 0 
800c10000-800c30000 rw-p 00000000 00:00 0 
800c30000-800cb0000 rw-p 00000000 00:00 0 
800cb0000-800cf0000 rw-p 00000000 00:00 0 
800cf0000-800db0000 rw-p 00000000 00:00 0 
800db0000-800df0000 rw-p 00000000 00:00 0 
800df0000-8010d0000 rw-p 00000000 00:00 0 
8010d0000-8010f0000 rw-p 00000000 00:00 0 
8010f0000-801100000 ---p 00000000 00:00 0 
801100000-801120000 rw-p 00000000 00:00 0 
801120000-840c00000 ---p 00000000 00:00 0 
5654cc923000-5654cc924000 r-xp 00000000 00:15b 672029940                 /nix/store/gpxl5qgg8kicmcvivwmybwjlpf7wh20l-graalvm17-ce-22.3.0/bin/.java-wrapped
5654cc925000-5654cc926000 r--p 00001000 00:15b 672029940                 /nix/store/gpxl5qgg8kicmcvivwmybwjlpf7wh20l-graalvm17-ce-22.3.0/bin/.java-wrapped
5654cc926000-5654cc927000 rw-p 00002000 00:15b 672029940                 /nix/store/gpxl5qgg8kicmcvivwmybwjlpf7wh20l-graalvm17-ce-22.3.0/bin/.java-wrapped
5654cc927000-5654cc928000 rw-p 00004000 00:15b 672029940                 /nix/store/gpxl5qgg8kicmcvivwmybwjlpf7wh20l-graalvm17-ce-22.3.0/bin/.java-wrapped
5654cc928000-5654cc929000 rw-p 00005000 00:15b 672029940                 /nix/store/gpxl5qgg8kicmcvivwmybwjlpf7wh20l-graalvm17-ce-22.3.0/bin/.java-wrapped
5654cc94e000-5654cc996000 rw-p 00000000 00:00 0                          [heap]
7fef28000000-7fef28021000 rw-p 00000000 00:00 0 
7fef28021000-7fef2c000000 ---p 00000000 00:00 0 
7fef2c000000-7fef2c021000 rw-p 00000000 00:00 0 
7fef2c021000-7fef30000000 ---p 00000000 00:00 0 
7fef30000000-7fef3005e000 rw-p 00000000 00:00 0 
7fef3005e000-7fef34000000 ---p 00000000 00:00 0 
7fef34000000-7fef3403a000 rw-p 00000000 00:00 0 
7fef3403a000-7fef38000000 ---p 00000000 00:00 0 
7fef38000000-7fef38021000 rw-p 00000000 00:00 0 
7fef38021000-7fef3c000000 ---p 00000000 00:00 0 
7fef3c000000-7fef3c02a000 rw-p 00000000 00:00 0 
7fef3c02a000-7fef40000000 ---p 00000000 00:00 0 
7fef40000000-7fef40021000 rw-p 00000000 00:00 0 
7fef40021000-7fef44000000 ---p 00000000 00:00 0 
7fef44000000-7fef44021000 rw-p 00000000 00:00 0 
7fef44021000-7fef48000000 ---p 00000000 00:00 0 
7fef48000000-7fef4802b000 rw-p 00000000 00:00 0 
7fef4802b000-7fef4c000000 ---p 00000000 00:00 0 
7fef4e4b3000-7fef58000000 r--s 00000000 00:15b 707804677                 /nix/store/gpxl5qgg8kicmcvivwmybwjlpf7wh20l-graalvm17-ce-22.3.0/lib/modules
7fef58000000-7fef58021000 rw-p 00000000 00:00 0 
7fef58021000-7fef5c000000 ---p 00000000 00:00 0 
7fef5c000000-7fef5c021000 rw-p 00000000 00:00 0 
7fef5c021000-7fef60000000 ---p 00000000 00:00 0 
7fef60000000-7fef602c4000 rw-p 00000000 00:00 0 
7fef602c4000-7fef64000000 ---p 00000000 00:00 0 
7fef64000000-7fef640ce000 rw-p 00000000 00:00 0 
7fef640ce000-7fef68000000 ---p 00000000 00:00 0 
7fef68000000-7fef68021000 rw-p 00000000 00:00 0 
7fef68021000-7fef6c000000 ---p 00000000 00:00 0 
7fef6d800000-7fef6dd40000 rw-p 00000000 00:00 0 
7fef6dd40000-7fef6e000000 ---p 00000000 00:00 0 
7fef6e800000-7fef6eb70000 rw-p 00000000 00:00 0 
7fef6eb70000-7fef6eff0000 rw-p 00000000 00:00 0 
7fef6eff0000-7fef6f170000 rw-p 00000000 00:00 0 
7fef6f170000-7fef6f1f0000 rw-p 00000000 00:00 0 
7fef6f1f0000-7fef6f6f0000 rw-p 00000000 00:00 0 
7fef6f6f0000-7fef6f7f0000 rw-p 00000000 00:00 0 
7fef6f7f0000-7fef6f8f0000 rw-p 00000000 00:00 0 
7fef6f8f0000-7fef6f9f0000 rw-p 00000000 00:00 0 
7fef6f9f0000-7fef70000000 rw-p 00000000 00:00 0 
7fef70000000-7fef70319000 rw-p 00000000 00:00 0 
7fef70319000-7fef74000000 ---p 00000000 00:00 0 
7fef74000000-7fef74048000 rw-p 00000000 00:00 0 
7fef74048000-7fef78000000 ---p 00000000 00:00 0 
7fef78000000-7fef78052000 rw-p 00000000 00:00 0 
7fef78052000-7fef7c000000 ---p 00000000 00:00 0 
7fef7c000000-7fef7c04b000 rw-p 00000000 00:00 0 
7fef7c04b000-7fef80000000 ---p 00000000 00:00 0 
7fef80000000-7fef80021000 rw-p 00000000 00:00 0 
7fef80021000-7fef84000000 ---p 00000000 00:00 0 
7fef84000000-7fef84021000 rw-p 00000000 00:00 0 
7fef84021000-7fef88000000 ---p 00000000 00:00 0 
7fef88000000-7fef88894000 rw-p 00000000 00:00 0 
7fef88894000-7fef8c000000 ---p 00000000 00:00 0 
7fef8c000000-7fef8c021000 rw-p 00000000 00:00 0 
7fef8c021000-7fef90000000 ---p 00000000 00:00 0 
7fef90000000-7fef90021000 rw-p 00000000 00:00 0 
7fef90021000-7fef94000000 ---p 00000000 00:00 0 
7fef94000000-7fef94021000 rw-p 00000000 00:00 0 
7fef94021000-7fef98000000 ---p 00000000 00:00 0 
7fef98000000-7fef9804e000 rw-p 00000000 00:00 0 
7fef9804e000-7fef9c000000 ---p 00000000 00:00 0 
7fef9c400000-7fef9c4f0000 rw-p 00000000 00:00 0 
7fef9c4f0000-7fef9c5f0000 rw-p 00000000 00:00 0 
7fef9c5f0000-7fef9caf0000 rw-p 00000000 00:00 0 
7fef9caf0000-7fef9cc00000 rw-p 00000000 00:00 0 
7fef9cc00000-7fef9cc10000 r-xp 00000000 00:14f 310                       /home/runner/cisc349-1st-assigmnet/.cache/jdt-language-server/config/org.eclipse.equinox.launcher/org.eclipse.equinox.launcher.gtk.linux.x86_64_1.2.400.v20211117-0650/eclipse_11600.so
7fef9cc10000-7fef9ce0f000 ---p 00010000 00:14f 310                       /home/runner/cisc349-1st-assigmnet/.cache/jdt-language-server/config/org.eclipse.equinox.launcher/org.eclipse.equinox.launcher.gtk.linux.x86_64_1.2.400.v20211117-0650/eclipse_11600.so
7fef9ce0f000-7fef9ce10000 r--p 0000f000 00:14f 310                       /home/runner/cisc349-1st-assigmnet/.cache/jdt-language-server/config/org.eclipse.equinox.launcher/org.eclipse.equinox.launcher.gtk.linux.x86_64_1.2.400.v20211117-0650/eclipse_11600.so
7fef9ce10000-7fef9ce11000 rw-p 00010000 00:14f 310                       /home/runner/cisc349-1st-assigmnet/.cache/jdt-language-server/config/org.eclipse.equinox.launcher/org.eclipse.equinox.launcher.gtk.linux.x86_64_1.2.400.v20211117-0650/eclipse_11600.so
7fef9e700000-7fef9e800000 ---p 00000000 00:00 0 
7fef9e800000-7fef9edaf000 r--p 01122000 00:15b 707802136                 /nix/store/gpxl5qgg8kicmcvivwmybwjlpf7wh20l-graalvm17-ce-22.3.0/lib/libjvmcicompiler.so
7fef9edaf000-7fef9ef00000 r--p 00000000 00:00 0 
7fef9ef00000-7fef9ef3d000 rw-p 00000000 00:00 0 
7fef9ef3d000-7fef9f45d000 rw-p 0185f000 00:15b 707802136                 /nix/store/gpxl5qgg8kicmcvivwmybwjlpf7wh20l-graalvm17-ce-22.3.0/lib/libjvmcicompiler.so
7fef9f45d000-7fef9f844000 r--p 01d7f000 00:15b 707802136                 /nix/store/gpxl5qgg8kicmcvivwmybwjlpf7wh20l-graalvm17-ce-22.3.0/lib/libjvmcicompiler.so
7fef9f900000-7fef9f904000 ---p 00000000 00:00 0 
7fef9f904000-7fef9fa00000 rw-p 00000000 00:00 0 
7fef9fb00000-7fef9fb04000 ---p 00000000 00:00 0 
7fef9fb04000-7fef9fc00000 rw-p 00000000 00:00 0 
7fef9fd00000-7fef9fd04000 ---p 00000000 00:00 0 
7fef9fd04000-7fef9fe00000 rw-p 00000000 00:00 0 
7fef9ff00000-7fef9ff04000 ---p 00000000 00:00 0 
7fef9ff04000-7fefa0000000 rw-p 00000000 00:00 0 
7fefa0100000-7fefa0104000 ---p 00000000 00:00 0 
7fefa0104000-7fefa0200000 rw-p 00000000 00:00 0 
7fefa0300000-7fefa0304000 ---p 00000000 00:00 0 
7fefa0304000-7fefa0400000 rw-p 00000000 00:00 0 
7fefa0500000-7fefa0504000 ---p 00000000 00:00 0 
7fefa0504000-7fefa0600000 rw-p 00000000 00:00 0 
7fefa0700000-7fefa0704000 ---p 00000000 00:00 0 
7fefa0704000-7fefa0800000 rw-p 00000000 00:00 0 
7fefa0900000-7fefa0904000 ---p 00000000 00:00 0 
7fefa0904000-7fefa0a00000 rw-p 00000000 00:00 0 
7fefa0f68000-7fefa1300000 rw-p 00000000 00:00 0 
7fefa1300000-7fefa1304000 ---p 00000000 00:00 0 
7fefa1304000-7fefa1400000 rw-p 00000000 00:00 0 
7fefa1500000-7fefa1504000 ---p 00000000 00:00 0 
7fefa1504000-7fefa1600000 rw-p 00000000 00:00 0 
7fefa1700000-7fefa1704000 ---p 00000000 00:00 0 
7fefa1704000-7fefa1900000 rw-p 00000000 00:00 0 
7fefa1a00000-7fefa1a04000 ---p 00000000 00:00 0 
7fefa1a04000-7fefa1b00000 rw-p 00000000 00:00 0 
7fefa1b00000-7fefa1b04000 ---p 00000000 00:00 0 
7fefa1b04000-7fefa1c00000 rw-p 00000000 00:00 0 
7fefa1c00000-7fefa3d6a000 r-xp 00000000 00:15b 707802136                 /nix/store/gpxl5qgg8kicmcvivwmybwjlpf7wh20l-graalvm17-ce-22.3.0/lib/libjvmcicompiler.so
7fefa3d6a000-7fefa3f69000 ---p 0216a000 00:15b 707802136                 /nix/store/gpxl5qgg8kicmcvivwmybwjlpf7wh20l-graalvm17-ce-22.3.0/lib/libjvmcicompiler.so
7fefa3f69000-7fefa3f6a000 r--p 02169000 00:15b 707802136                 /nix/store/gpxl5qgg8kicmcvivwmybwjlpf7wh20l-graalvm17-ce-22.3.0/lib/libjvmcicompiler.so
7fefa3f6a000-7fefa3f6c000 rw-p 0216a000 00:15b 707802136                 /nix/store/gpxl5qgg8kicmcvivwmybwjlpf7wh20l-graalvm17-ce-22.3.0/lib/libjvmcicompiler.so
7fefa3f6c000-7fefa3f6d000 rw-p 00000000 00:00 0 
7fefa3f6d000-7fefa3f72000 rw-p 023c3000 00:15b 707802136                 /nix/store/gpxl5qgg8kicmcvivwmybwjlpf7wh20l-graalvm17-ce-22.3.0/lib/libjvmcicompiler.so
7fefa4000000-7fefa4021000 rw-p 00000000 00:00 0 
7fefa4021000-7fefa8000000 ---p 00000000 00:00 0 
7fefa8000000-7fefa8021000 rw-p 00000000 00:00 0 
7fefa8021000-7fefac000000 ---p 00000000 00:00 0 
7fefac000000-7fefac021000 rw-p 00000000 00:00 0 
7fefac021000-7fefb0000000 ---p 00000000 00:00 0 
7fefb0000000-7fefb0021000 rw-p 00000000 00:00 0 
7fefb0021000-7fefb4000000 ---p 00000000 00:00 0 
7fefb4000000-7fefb40df000 rw-p 00000000 00:00 0 
7fefb40df000-7fefb8000000 ---p 00000000 00:00 0 
7fefb8000000-7fefb8abe000 rw-p 00000000 00:00 0 
7fefb8abe000-7fefbc000000 ---p 00000000 00:00 0 
7fefbc000000-7fefbc021000 rw-p 00000000 00:00 0 
7fefbc021000-7fefc0000000 ---p 00000000 00:00 0 
7fefc0000000-7fefc0021000 rw-p 00000000 00:00 0 
7fefc0021000-7fefc4000000 ---p 00000000 00:00 0 
7fefc4000000-7fefc4021000 rw-p 00000000 00:00 0 
7fefc4021000-7fefc8000000 ---p 00000000 00:00 0 
7fefc8000000-7fefc8021000 rw-p 00000000 00:00 0 
7fefc8021000-7fefcc000000 ---p 00000000 00:00 0 
7fefcc000000-7fefcc026000 rw-p 00000000 00:00 0 
7fefcc026000-7fefd0000000 ---p 00000000 00:00 0 
7fefd0000000-7fefd0021000 rw-p 00000000 00:00 0 
7fefd0021000-7fefd4000000 ---p 00000000 00:00 0 
7fefd4000000-7fefd405c000 rw-p 00000000 00:00 0 
7fefd405c000-7fefd8004000 ---p 00000000 00:00 0 
7fefd8004000-7fefd8100000 rw-p 00000000 00:00 0 
7fefd8100000-7fefd8104000 ---p 00000000 00:00 0 
7fefd8104000-7fefd8200000 rw-p 00000000 00:00 0 
7fefd8200000-7fefd8204000 ---p 00000000 00:00 0 
7fefd8204000-7fefd8300000 rw-p 00000000 00:00 0 
7fefd8300000-7fefd8304000 ---p 00000000 00:00 0 
7fefd8304000-7fefd8400000 rw-p 00000000 00:00 0 
7fefd8400000-7fefd8404000 ---p 00000000 00:00 0 
7fefd8404000-7fefd8500000 rw-p 00000000 00:00 0 
7fefd8500000-7fefd8504000 ---p 00000000 00:00 0 
7fefd8504000-7fefd8600000 rw-p 00000000 00:00 0 
7fefd8600000-7fefd8604000 ---p 00000000 00:00 0 
7fefd8604000-7fefd8700000 rw-p 00000000 00:00 0 
7fefd8700000-7fefd8704000 ---p 00000000 00:00 0 
7fefd8704000-7fefd8800000 rw-p 00000000 00:00 0 
7fefd8800000-7fefd8804000 ---p 00000000 00:00 0 
7fefd8804000-7fefd8900000 rw-p 00000000 00:00 0 
7fefd8900000-7fefd8904000 ---p 00000000 00:00 0 
7fefd8904000-7fefd8a00000 rw-p 00000000 00:00 0 
7fefd8a16000-7fefd8a1a000 ---p 00000000 00:00 0 
7fefd8a1a000-7fefd8b16000 rw-p 00000000 00:00 0 
7fefd8b16000-7fefd8b17000 ---p 00000000 00:00 0 
7fefd8b17000-7fefd8c18000 rw-p 00000000 00:00 0 
7fefd8c18000-7fefd8c1c000 ---p 00000000 00:00 0 
7fefd8c1c000-7fefd8d18000 rw-p 00000000 00:00 0 
7fefd8d18000-7fefd8d1c000 ---p 00000000 00:00 0 
7fefd8d1c000-7fefd8e18000 rw-p 00000000 00:00 0 
7fefd8e18000-7fefd8e1c000 ---p 00000000 00:00 0 
7fefd8e1c000-7fefd8f18000 rw-p 00000000 00:00 0 
7fefd8f18000-7fefd8f1c000 ---p 00000000 00:00 0 
7fefd8f1c000-7fefd9118000 rw-p 00000000 00:00 0 
7fefd9118000-7fefd911c000 ---p 00000000 00:00 0 
7fefd911c000-7fefd9318000 rw-p 00000000 00:00 0 
7fefd9318000-7fefd931c000 ---p 00000000 00:00 0 
7fefd931c000-7fefd9418000 rw-p 00000000 00:00 0 
7fefd9418000-7fefd941c000 ---p 00000000 00:00 0 
7fefd941c000-7fefd9518000 rw-p 00000000 00:00 0 
7fefd9518000-7fefd951c000 ---p 00000000 00:00 0 
7fefd951c000-7fefd9618000 rw-p 00000000 00:00 0 
7fefd9618000-7fefd98fe000 r--p 00000000 00:1aa 28444448                  /usr/lib/locale/locale-archive
7fefd98fe000-7fefd9902000 ---p 00000000 00:00 0 
7fefd9902000-7fefd99fe000 rw-p 00000000 00:00 0 
7fefd99fe000-7fefd9a02000 ---p 00000000 00:00 0 
7fefd9a02000-7fefd9afe000 rw-p 00000000 00:00 0 
7fefd9afe000-7fefd9aff000 ---p 00000000 00:00 0 
7fefd9aff000-7fefd9ff0000 rw-p 00000000 00:00 0 
7fefd9ff0000-7fefda2f0000 rw-p 00000000 00:00 0 
7fefda2f0000-7fefda400000 rw-p 00000000 00:00 0 
7fefda4b3000-7fefdb4b3000 rw-p 00000000 00:00 0 
7fefdb4b3000-7fefdb723000 rwxp 00000000 00:00 0 
7fefdb723000-7fefdba42000 ---p 00000000 00:00 0 
7fefdba42000-7fefdca92000 rwxp 00000000 00:00 0 
7fefdca92000-7fefe2f7a000 ---p 00000000 00:00 0 
7fefe2f7a000-7fefe31ea000 rwxp 00000000 00:00 0 
7fefe31ea000-7fefea4b3000 ---p 00000000 00:00 0 
7fefea4b3000-7feff4000000 r--s 00000000 00:15b 707804677                 /nix/store/gpxl5qgg8kicmcvivwmybwjlpf7wh20l-graalvm17-ce-22.3.0/lib/modules
7feff4000000-7feff4415000 rw-p 00000000 00:00 0 
7feff4415000-7feff8000000 ---p 00000000 00:00 0 
7feff8072000-7feff8076000 ---p 00000000 00:00 0 
7feff8076000-7feff8094000 rw-p 00000000 00:00 0 
7feff8094000-7feff809b000 r-xp 00000000 00:15b 707804676                 /nix/store/gpxl5qgg8kicmcvivwmybwjlpf7wh20l-graalvm17-ce-22.3.0/lib/libzip.so
7feff809b000-7feff809c000 ---p 00007000 00:15b 707804676                 /nix/store/gpxl5qgg8kicmcvivwmybwjlpf7wh20l-graalvm17-ce-22.3.0/lib/libzip.so
7feff809c000-7feff809d000 r--p 00007000 00:15b 707804676                 /nix/store/gpxl5qgg8kicmcvivwmybwjlpf7wh20l-graalvm17-ce-22.3.0/lib/libzip.so
7feff809d000-7feff809e000 rw-p 00008000 00:15b 707804676                 /nix/store/gpxl5qgg8kicmcvivwmybwjlpf7wh20l-graalvm17-ce-22.3.0/lib/libzip.so
7feff809e000-7feff80a0000 rw-p 0000b000 00:15b 707804676                 /nix/store/gpxl5qgg8kicmcvivwmybwjlpf7wh20l-graalvm17-ce-22.3.0/lib/libzip.so
7feff80a0000-7feff80b5000 r-xp 00000000 00:15b 707804666                 /nix/store/gpxl5qgg8kicmcvivwmybwjlpf7wh20l-graalvm17-ce-22.3.0/lib/libnet.so
7feff80b5000-7feff80b6000 ---p 00015000 00:15b 707804666                 /nix/store/gpxl5qgg8kicmcvivwmybwjlpf7wh20l-graalvm17-ce-22.3.0/lib/libnet.so
7feff80b6000-7feff80b7000 r--p 00015000 00:15b 707804666                 /nix/store/gpxl5qgg8kicmcvivwmybwjlpf7wh20l-graalvm17-ce-22.3.0/lib/libnet.so
7feff80b7000-7feff80b8000 rw-p 00016000 00:15b 707804666                 /nix/store/gpxl5qgg8kicmcvivwmybwjlpf7wh20l-graalvm17-ce-22.3.0/lib/libnet.so
7feff80b8000-7feff80bb000 rw-p 0001b000 00:15b 707804666                 /nix/store/gpxl5qgg8kicmcvivwmybwjlpf7wh20l-graalvm17-ce-22.3.0/lib/libnet.so
7feff80bb000-7feff80ce000 r-xp 00000000 00:15b 707804667                 /nix/store/gpxl5qgg8kicmcvivwmybwjlpf7wh20l-graalvm17-ce-22.3.0/lib/libnio.so
7feff80ce000-7feff80cf000 r--p 00012000 00:15b 707804667                 /nix/store/gpxl5qgg8kicmcvivwmybwjlpf7wh20l-graalvm17-ce-22.3.0/lib/libnio.so
7feff80cf000-7feff80d0000 rw-p 00013000 00:15b 707804667                 /nix/store/gpxl5qgg8kicmcvivwmybwjlpf7wh20l-graalvm17-ce-22.3.0/lib/libnio.so
7feff80d0000-7feff80d5000 rw-p 00019000 00:15b 707804667                 /nix/store/gpxl5qgg8kicmcvivwmybwjlpf7wh20l-graalvm17-ce-22.3.0/lib/libnio.so
7feff80d5000-7feff81a3000 r-xp 00000000 00:15b 707802132                 /nix/store/gpxl5qgg8kicmcvivwmybwjlpf7wh20l-graalvm17-ce-22.3.0/lib/libjsvml.so
7feff81a3000-7feff81a4000 r--p 000cd000 00:15b 707802132                 /nix/store/gpxl5qgg8kicmcvivwmybwjlpf7wh20l-graalvm17-ce-22.3.0/lib/libjsvml.so
7feff81a4000-7feff81a5000 rw-p 000ce000 00:15b 707802132                 /nix/store/gpxl5qgg8kicmcvivwmybwjlpf7wh20l-graalvm17-ce-22.3.0/lib/libjsvml.so
7feff81a5000-7feff8a7d000 rw-p 00000000 00:00 0 
7feff8a7d000-7feff8a7e000 ---p 00000000 00:00 0 
7feff8a7e000-7feff8c13000 rw-p 00000000 00:00 0 
7feff8c13000-7feff8c4d000 rw-p 00000000 00:00 0 
7feff8c4d000-7feff8c7f000 ---p 00000000 00:00 0 
7feff8c7f000-7feff8c85000 rw-p 00000000 00:00 0 
7feff8c85000-7feff8d6b000 ---p 00000000 00:00 0 
7feff8d6b000-7feff8d8c000 rw-p 00000000 00:00 0 
7feff8d8c000-7feff8e56000 ---p 00000000 00:00 0 
7feff8e56000-7feff8e5b000 rw-p 00000000 00:00 0 
7feff8e5b000-7feff8e62000 ---p 00000000 00:00 0 
7feff8e62000-7feff8e86000 r-xp 00000000 00:15b 707802124                 /nix/store/gpxl5qgg8kicmcvivwmybwjlpf7wh20l-graalvm17-ce-22.3.0/lib/libjava.so
7feff8e86000-7feff8e87000 ---p 00024000 00:15b 707802124                 /nix/store/gpxl5qgg8kicmcvivwmybwjlpf7wh20l-graalvm17-ce-22.3.0/lib/libjava.so
7feff8e87000-7feff8e88000 r--p 00024000 00:15b 707802124                 /nix/store/gpxl5qgg8kicmcvivwmybwjlpf7wh20l-graalvm17-ce-22.3.0/lib/libjava.so
7feff8e88000-7feff8e89000 rw-p 00025000 00:15b 707802124                 /nix/store/gpxl5qgg8kicmcvivwmybwjlpf7wh20l-graalvm17-ce-22.3.0/lib/libjava.so
7feff8e89000-7feff8e8a000 rw-p 00000000 00:00 0 
7feff8e8a000-7feff8e91000 rw-p 0002f000 00:15b 707802124                 /nix/store/gpxl5qgg8kicmcvivwmybwjlpf7wh20l-graalvm17-ce-22.3.0/lib/libjava.so
7feff8e91000-7feff8e99000 rw-s 00000000 00:1a7 405                       /tmp/hsperfdata_runner/3423
7feff8e99000-7feff8e9a000 ---p 00000000 00:00 0 
7feff8e9a000-7feff8e9b000 r--p 00000000 00:00 0 
7feff8e9b000-7feff8e9c000 rwxp 00000000 00:00 0 
7feff8e9c000-7feff8eb7000 r-xp 00000000 00:15b 707802128                 /nix/store/gpxl5qgg8kicmcvivwmybwjlpf7wh20l-graalvm17-ce-22.3.0/lib/libjimage.so
7feff8eb7000-7feff8eb8000 ---p 0001b000 00:15b 707802128                 /nix/store/gpxl5qgg8kicmcvivwmybwjlpf7wh20l-graalvm17-ce-22.3.0/lib/libjimage.so
7feff8eb8000-7feff8eba000 r--p 0001b000 00:15b 707802128                 /nix/store/gpxl5qgg8kicmcvivwmybwjlpf7wh20l-graalvm17-ce-22.3.0/lib/libjimage.so
7feff8eba000-7feff8ebb000 rw-p 0001d000 00:15b 707802128                 /nix/store/gpxl5qgg8kicmcvivwmybwjlpf7wh20l-graalvm17-ce-22.3.0/lib/libjimage.so
7feff8ebb000-7feff8ebc000 rw-p 00024000 00:15b 707802128                 /nix/store/gpxl5qgg8kicmcvivwmybwjlpf7wh20l-graalvm17-ce-22.3.0/lib/libjimage.so
7feff8ebc000-7feff8ec0000 ---p 00000000 00:00 0 
7feff8ec0000-7feff8fbc000 rw-p 00000000 00:00 0 
7feff8fbc000-7feff8fca000 r--p 00000000 00:15b 600592023                 /nix/store/4nlgxhb09sdr51nc9hdm8az5b08vzkgx-glibc-2.35-163/lib/libm.so.6
7feff8fca000-7feff903d000 r-xp 0000e000 00:15b 600592023                 /nix/store/4nlgxhb09sdr51nc9hdm8az5b08vzkgx-glibc-2.35-163/lib/libm.so.6
7feff903d000-7feff909a000 r--p 00081000 00:15b 600592023                 /nix/store/4nlgxhb09sdr51nc9hdm8az5b08vzkgx-glibc-2.35-163/lib/libm.so.6
7feff909a000-7feff909b000 r--p 000dd000 00:15b 600592023                 /nix/store/4nlgxhb09sdr51nc9hdm8az5b08vzkgx-glibc-2.35-163/lib/libm.so.6
7feff909b000-7feff909c000 rw-p 000de000 00:15b 600592023                 /nix/store/4nlgxhb09sdr51nc9hdm8az5b08vzkgx-glibc-2.35-163/lib/libm.so.6
7feff909c000-7feff909d000 r--p 00000000 00:15b 600592042                 /nix/store/4nlgxhb09sdr51nc9hdm8az5b08vzkgx-glibc-2.35-163/lib/librt.so.1
7feff909d000-7feff909e000 r-xp 00001000 00:15b 600592042                 /nix/store/4nlgxhb09sdr51nc9hdm8az5b08vzkgx-glibc-2.35-163/lib/librt.so.1
7feff909e000-7feff909f000 r--p 00002000 00:15b 600592042                 /nix/store/4nlgxhb09sdr51nc9hdm8az5b08vzkgx-glibc-2.35-163/lib/librt.so.1
7feff909f000-7feff90a0000 r--p 00002000 00:15b 600592042                 /nix/store/4nlgxhb09sdr51nc9hdm8az5b08vzkgx-glibc-2.35-163/lib/librt.so.1
7feff90a0000-7feff90a1000 rw-p 00003000 00:15b 600592042                 /nix/store/4nlgxhb09sdr51nc9hdm8az5b08vzkgx-glibc-2.35-163/lib/librt.so.1
7feff90a1000-7feffa1b4000 r-xp 00000000 00:15b 707972962                 /nix/store/gpxl5qgg8kicmcvivwmybwjlpf7wh20l-graalvm17-ce-22.3.0/lib/server/libjvm.so
7feffa1b4000-7feffa1b5000 ---p 01113000 00:15b 707972962                 /nix/store/gpxl5qgg8kicmcvivwmybwjlpf7wh20l-graalvm17-ce-22.3.0/lib/server/libjvm.so
7feffa1b5000-7feffa26a000 r--p 01113000 00:15b 707972962                 /nix/store/gpxl5qgg8kicmcvivwmybwjlpf7wh20l-graalvm17-ce-22.3.0/lib/server/libjvm.so
7feffa26a000-7feffa29e000 rw-p 011c8000 00:15b 707972962                 /nix/store/gpxl5qgg8kicmcvivwmybwjlpf7wh20l-graalvm17-ce-22.3.0/lib/server/libjvm.so
7feffa29e000-7feffa2fa000 rw-p 00000000 00:00 0 
7feffa2fa000-7feffa322000 r--p 00000000 00:15b 600592014                 /nix/store/4nlgxhb09sdr51nc9hdm8az5b08vzkgx-glibc-2.35-163/lib/libc.so.6
7feffa322000-7feffa498000 r-xp 00028000 00:15b 600592014                 /nix/store/4nlgxhb09sdr51nc9hdm8az5b08vzkgx-glibc-2.35-163/lib/libc.so.6
7feffa498000-7feffa4f0000 r--p 0019e000 00:15b 600592014                 /nix/store/4nlgxhb09sdr51nc9hdm8az5b08vzkgx-glibc-2.35-163/lib/libc.so.6
7feffa4f0000-7feffa4f4000 r--p 001f6000 00:15b 600592014                 /nix/store/4nlgxhb09sdr51nc9hdm8az5b08vzkgx-glibc-2.35-163/lib/libc.so.6
7feffa4f4000-7feffa4f6000 rw-p 001fa000 00:15b 600592014                 /nix/store/4nlgxhb09sdr51nc9hdm8az5b08vzkgx-glibc-2.35-163/lib/libc.so.6
7feffa4f6000-7feffa505000 rw-p 00000000 00:00 0 
7feffa505000-7feffa506000 r--p 00000000 00:15b 600592019                 /nix/store/4nlgxhb09sdr51nc9hdm8az5b08vzkgx-glibc-2.35-163/lib/libdl.so.2
7feffa506000-7feffa507000 r-xp 00001000 00:15b 600592019                 /nix/store/4nlgxhb09sdr51nc9hdm8az5b08vzkgx-glibc-2.35-163/lib/libdl.so.2
7feffa507000-7feffa508000 r--p 00002000 00:15b 600592019                 /nix/store/4nlgxhb09sdr51nc9hdm8az5b08vzkgx-glibc-2.35-163/lib/libdl.so.2
7feffa508000-7feffa509000 r--p 00002000 00:15b 600592019                 /nix/store/4nlgxhb09sdr51nc9hdm8az5b08vzkgx-glibc-2.35-163/lib/libdl.so.2
7feffa509000-7feffa50a000 rw-p 00003000 00:15b 600592019                 /nix/store/4nlgxhb09sdr51nc9hdm8az5b08vzkgx-glibc-2.35-163/lib/libdl.so.2
7feffa50a000-7feffa50b000 r--p 00000000 00:15b 600592038                 /nix/store/4nlgxhb09sdr51nc9hdm8az5b08vzkgx-glibc-2.35-163/lib/libpthread.so.0
7feffa50b000-7feffa50c000 r-xp 00001000 00:15b 600592038                 /nix/store/4nlgxhb09sdr51nc9hdm8az5b08vzkgx-glibc-2.35-163/lib/libpthread.so.0
7feffa50c000-7feffa50d000 r--p 00002000 00:15b 600592038                 /nix/store/4nlgxhb09sdr51nc9hdm8az5b08vzkgx-glibc-2.35-163/lib/libpthread.so.0
7feffa50d000-7feffa50e000 r--p 00002000 00:15b 600592038                 /nix/store/4nlgxhb09sdr51nc9hdm8az5b08vzkgx-glibc-2.35-163/lib/libpthread.so.0
7feffa50e000-7feffa50f000 rw-p 00003000 00:15b 600592038                 /nix/store/4nlgxhb09sdr51nc9hdm8az5b08vzkgx-glibc-2.35-163/lib/libpthread.so.0
7feffa50f000-7feffa51d000 r-xp 00000000 00:15b 707802129                 /nix/store/gpxl5qgg8kicmcvivwmybwjlpf7wh20l-graalvm17-ce-22.3.0/lib/libjli.so
7feffa51d000-7feffa51e000 ---p 0000e000 00:15b 707802129                 /nix/store/gpxl5qgg8kicmcvivwmybwjlpf7wh20l-graalvm17-ce-22.3.0/lib/libjli.so
7feffa51e000-7feffa51f000 r--p 0000e000 00:15b 707802129                 /nix/store/gpxl5qgg8kicmcvivwmybwjlpf7wh20l-graalvm17-ce-22.3.0/lib/libjli.so
7feffa51f000-7feffa520000 rw-p 0000f000 00:15b 707802129                 /nix/store/gpxl5qgg8kicmcvivwmybwjlpf7wh20l-graalvm17-ce-22.3.0/lib/libjli.so
7feffa520000-7feffa521000 rw-p 00012000 00:15b 707802129                 /nix/store/gpxl5qgg8kicmcvivwmybwjlpf7wh20l-graalvm17-ce-22.3.0/lib/libjli.so
7feffa521000-7feffa524000 r--p 00000000 00:15b 678822167                 /nix/store/026hln0aq1hyshaxsdvhg0kmcm6yf45r-zlib-1.2.13/lib/libz.so.1.2.13
7feffa524000-7feffa536000 r-xp 00003000 00:15b 678822167                 /nix/store/026hln0aq1hyshaxsdvhg0kmcm6yf45r-zlib-1.2.13/lib/libz.so.1.2.13
7feffa536000-7feffa53d000 r--p 00015000 00:15b 678822167                 /nix/store/026hln0aq1hyshaxsdvhg0kmcm6yf45r-zlib-1.2.13/lib/libz.so.1.2.13
7feffa53d000-7feffa53e000 r--p 0001b000 00:15b 678822167                 /nix/store/026hln0aq1hyshaxsdvhg0kmcm6yf45r-zlib-1.2.13/lib/libz.so.1.2.13
7feffa53e000-7feffa53f000 rw-p 0001c000 00:15b 678822167                 /nix/store/026hln0aq1hyshaxsdvhg0kmcm6yf45r-zlib-1.2.13/lib/libz.so.1.2.13
7feffa53f000-7feffa541000 rw-p 00000000 00:00 0 
7feffa541000-7feffa543000 r--p 00000000 00:15b 600592008                 /nix/store/4nlgxhb09sdr51nc9hdm8az5b08vzkgx-glibc-2.35-163/lib/ld-linux-x86-64.so.2
7feffa543000-7feffa56a000 r-xp 00002000 00:15b 600592008                 /nix/store/4nlgxhb09sdr51nc9hdm8az5b08vzkgx-glibc-2.35-163/lib/ld-linux-x86-64.so.2
7feffa56a000-7feffa576000 r--p 00029000 00:15b 600592008                 /nix/store/4nlgxhb09sdr51nc9hdm8az5b08vzkgx-glibc-2.35-163/lib/ld-linux-x86-64.so.2
7feffa576000-7feffa578000 r--p 00034000 00:15b 600592008                 /nix/store/4nlgxhb09sdr51nc9hdm8az5b08vzkgx-glibc-2.35-163/lib/ld-linux-x86-64.so.2
7feffa578000-7feffa57a000 rw-p 00036000 00:15b 600592008                 /nix/store/4nlgxhb09sdr51nc9hdm8az5b08vzkgx-glibc-2.35-163/lib/ld-linux-x86-64.so.2
7fff74b06000-7fff74b2a000 rw-p 00000000 00:00 0                          [stack]
7fff74b8d000-7fff74b91000 r--p 00000000 00:00 0                          [vvar]
7fff74b91000-7fff74b93000 r-xp 00000000 00:00 0                          [vdso]
ffffffffff600000-ffffffffff601000 --xp 00000000 00:00 0                  [vsyscall]


VM Arguments:
jvm_args: -XX:ThreadPriorityPolicy=1 -XX:+UnlockExperimentalVMOptions -XX:+EnableJVMCIProduct -XX:JVMCIThreadsPerNativeLibraryRuntime=1 -XX:-UnlockExperimentalVMOptions -Declipse.application=org.eclipse.jdt.ls.core.id1 -Dosgi.bundles.defaultStartLevel=4 -Declipse.product=org.eclipse.jdt.ls.core.product -Dlog.level=ALL -Xverify:none -XX:+UseParallelGC -XX:GCTimeRatio=4 -XX:AdaptiveSizePolicyWeight=90 -Dsun.zip.disableMemoryMapping=true -Xmx512m -Xms100m 
java_command: /nix/store/a7s9klvriqi68xz3qjc0qyfl5h86xc16-jdt-language-server-1.9.0/share/java/plugins/org.eclipse.equinox.launcher_1.6.400.v20210924-0641.jar --add-modules=ALL-SYSTEM --add-opens java.base/java.util=ALL-UNNAMED --add-opens java.base/java.lang=ALL-UNNAMED -configuration /home/runner/cisc349-1st-assigmnet/.cache/jdt-language-server/config -data /home/runner/cisc349-1st-assigmnet/.cache/jdt-language-server/data/home/runner/cisc349-1st-assigmnet
java_class_path (initial): /nix/store/a7s9klvriqi68xz3qjc0qyfl5h86xc16-jdt-language-server-1.9.0/share/java/plugins/org.eclipse.equinox.launcher_1.6.400.v20210924-0641.jar
Launcher Type: SUN_STANDARD

[Global flags]
    uintx AdaptiveSizePolicyWeight                 = 90                                        {product} {command line}
     intx CICompilerCount                          = 2                                         {product} {ergonomic}
     bool EnableJVMCIProduct                       = true                                {JVMCI product} {jimage}
    uintx GCTimeRatio                              = 4                                         {product} {command line}
   size_t InitialHeapSize                          = 104857600                                 {product} {command line}
     uint JVMCIThreadsPerNativeLibraryRuntime      = 1                                   {JVMCI product} {jimage}
   size_t MaxHeapSize                              = 536870912                                 {product} {command line}
   size_t MaxNewSize                               = 178782208                                 {product} {ergonomic}
   size_t MinHeapDeltaBytes                        = 524288                                    {product} {ergonomic}
   size_t MinHeapSize                              = 104857600                                 {product} {command line}
   size_t NewSize                                  = 34603008                                  {product} {ergonomic}
    uintx NonNMethodCodeHeapSize                   = 5826188                                {pd product} {ergonomic}
    uintx NonProfiledCodeHeapSize                  = 122916026                              {pd product} {ergonomic}
   size_t OldSize                                  = 70254592                                  {product} {ergonomic}
    uintx ProfiledCodeHeapSize                     = 122916026                              {pd product} {ergonomic}
    uintx ReservedCodeCacheSize                    = 251658240                              {pd product} {ergonomic}
     bool SegmentedCodeCache                       = true                                      {product} {ergonomic}
   size_t SoftMaxHeapSize                          = 536870912                              {manageable} {ergonomic}
     intx ThreadPriorityPolicy                     = 1                                         {product} {jimage}
     bool UseCompressedClassPointers               = true                           {product lp64_product} {ergonomic}
     bool UseCompressedOops                        = true                           {product lp64_product} {ergonomic}
     bool UseParallelGC                            = true                                      {product} {command line}

Logging:
Log output configuration:
 #0: stdout all=warning uptime,level,tags
 #1: stderr all=off uptime,level,tags

Environment Variables:
JAVA_HOME=/nix/store/gpxl5qgg8kicmcvivwmybwjlpf7wh20l-graalvm17-ce-22.3.0
PATH=/nix/store/1d6ian3r8kdzspw8hacjhl3xkp40g1lj-binutils-wrapper-2.39/bin:/nix/store/dq0xwmsk1g0i2ayg6pb7y87na2knzylh-gcc-wrapper-11.3.0/bin:/nix/store/bap4d0lpcrhpwmpb8ayjcgkmvfj62lnq-bash-interactive-5.1-p16/bin:/nix/store/pr5n59mb4jzmfx6kanwxly0l07p861fg-patchelf-0.15.0/bin:/nix/store/1gf2flfqnpqbr1b4p4qz2f72y42bs56r-gcc-11.3.0/bin:/nix/store/57xv61c5zi8pphjbcwxxjlgc34p61ic9-glibc-2.35-163-bin/bin:/nix/store/a7gvj343m05j2s32xcnwr35v31ynlypr-coreutils-9.1/bin:/nix/store/039g378vc3pc3dvi9dzdlrd0i4q93qwf-binutils-2.39/bin:/nix/store/gpxl5qgg8kicmcvivwmybwjlpf7wh20l-graalvm17-ce-22.3.0/bin:/nix/store/6z9ag3ihc8mq2hzsw48lhbznvzny65nz-apache-maven-3.8.6/bin:/nix/store/a7s9klvriqi68xz3qjc0qyfl5h86xc16-jdt-language-server-1.9.0/bin:/nix/store/48ifl2w60a3zp7yskbpnvn8jp9jdsb7k-java-debug/bin:/nix/store/mydc6f4k2z73xlcz7ilif3v2lcaiqvza-findutils-4.9.0/bin:/nix/store/j9p3g8472iijd50vhdprx0nmk2fqn5gv-diffutils-3.8/bin:/nix/store/89zs7rms6x00xfq4dq6m7mjnhkr8a6r4-gnused-4.8/bin:/nix/store/86bp03jkmsl6f92w0yzg4s59g5mhxwmy-gnugrep-3.7/bin:/nix/store/hwcdqw4jrjnd37wxqgsd47hd0j8bnj09-gawk-5.1.1/bin:/nix/store/cfbhw8r8ags41vwqaz47r583d0p4h4a1-gnutar-1.34/bin:/nix/store/p3m1ndl1lapwrlh698bnb5lvvxh67378-gzip-1.12/bin:/nix/store/a8mhcagrsly7c7mpjrpsnaahk4aax056-bzip2-1.0.8-bin/bin:/nix/store/mblgz65m3zv9x548a3d5m96fj2pbwr09-gnumake-4.3/bin:/nix/store/dsd5gz46hdbdk2rfdimqddhq6m8m8fqs-bash-5.1-p16/bin:/nix/store/v7ljksji50mg3w61dykaa3n3y79n6nil-patch-2.7.6/bin:/nix/store/zlcnmqq14jz5x9439jf937mvayyl63da-xz-5.2.7-bin/bin:/nix/store/y6aj732zm9m87c82fpvf103a1xb22blp-file-5.43/bin:/nix/store/yq0vlv3d2f5si3ibawpq5ay2pc6knixp-nix-2.18.0pre20230808_c0e6466/bin:/nix/store/i4kzir3m7mrisxmf5xvlnkw01x4qaqr4-prybar-elisp-0.0.0-e0d9a52/bin:/nix/store/lwwivxf6h7x3cvxp9zv8sj0mv7dak99r-prybar-lua-0.0.0-e0d9a52/bin:/nix/store/gxj28g1cg4hq3qanmjv07156h800qr58-prybar-python3-0.0.0-e0d9a52/bin:/nix/store/hshkjnxrgidigf8x75vg6lqng2xlx9i3-prybar-sqlite-0.0.0-e0d9a52/bin:/nix/store/c4w01bpjgyy5ixmwdk8m1pw87zq4sl
LD_LIBRARY_PATH=/nix/store/a4pff549sk2idnkpzk5nsfps3mdkdnvm-cups-2.4.2-lib/lib:/nix/store/72mqxxhh3cy5yifh92wh2yb8cl2hikyy-cairo-1.16.0/lib:/nix/store/2k366jrbsra97gjfxwvrhvixjfxdach5-glib-2.74.1/lib:/nix/store/2j2znigd8ak37rlwh9khz0ry3clqlw1l-gtk+3-3.24.34/lib:/nix/store/hisqvx32cd57apbpcsnkpx6k3549wql1-libglvnd-1.4.0/lib:/nix/store/p36pgcv991mq5srvg765b78yqpxvk3qs-mesa-21.3.3-drivers/lib:/nix/store/mav4251if1ahjq5vkpwycyyvnmy459c4-pulseaudio-14.2/lib
DISPLAY=:0
LANG=en_US.UTF-8

Signal Handlers:
   SIGSEGV: crash_handler in libjvm.so, mask=11100100010111111101111111111110, flags=SA_RESTART|SA_SIGINFO
    SIGBUS: crash_handler in libjvm.so, mask=11100100010111111101111111111110, flags=SA_RESTART|SA_SIGINFO
    SIGFPE: crash_handler in libjvm.so, mask=11100100010111111101111111111110, flags=SA_RESTART|SA_SIGINFO
   SIGPIPE: IsolateEnterStub_IgnoreSIGPIPEStartupHook_noopSignalHandler_8f19bff2f35b5f630d83b364d6b2339320d4ec70_216e8361c6bc87a8f89f58cc10d3b2fd4415bf87 in libjvmcicompiler.so, mask=00000000000000000000000000000000, flags=SA_RESTART
  *** Handler was modified!
  *** Expected: javaSignalHandler in libjvm.so, mask=11100100110111111111111111111110, flags=SA_RESTART|SA_SIGINFO
   SIGXFSZ: javaSignalHandler in libjvm.so, mask=11100100010111111101111111111110, flags=SA_RESTART|SA_SIGINFO
    SIGILL: crash_handler in libjvm.so, mask=11100100010111111101111111111110, flags=SA_RESTART|SA_SIGINFO
   SIGUSR2: SR_handler in libjvm.so, mask=00000000000000000000000000000000, flags=SA_RESTART|SA_SIGINFO
    SIGHUP: UserHandler in libjvm.so, mask=11100100010111111101111111111110, flags=SA_RESTART|SA_SIGINFO
    SIGINT: UserHandler in libjvm.so, mask=11100100010111111101111111111110, flags=SA_RESTART|SA_SIGINFO
   SIGTERM: UserHandler in libjvm.so, mask=11100100010111111101111111111110, flags=SA_RESTART|SA_SIGINFO
   SIGQUIT: UserHandler in libjvm.so, mask=11100100010111111101111111111110, flags=SA_RESTART|SA_SIGINFO
  *** Handler was modified!
  *** Expected: javaSignalHandler in libjvm.so, mask=11100100110111111111111111111110, flags=SA_RESTART|SA_SIGINFO
   SIGTRAP: crash_handler in libjvm.so, mask=11100100010111111101111111111110, flags=SA_RESTART|SA_SIGINFO


---------------  S Y S T E M  ---------------

OS:
DISTRIB_ID=Ubuntu
DISTRIB_RELEASE=20.04
DISTRIB_CODENAME=focal
DISTRIB_DESCRIPTION="Ubuntu 20.04.2 LTS"
uname: Linux 6.2.0-1019-gcp #21~22.04.1-Ubuntu SMP Thu Nov 16 18:18:34 UTC 2023 x86_64
OS uptime: 0 days 0:51 hours
libc: glibc 2.35 NPTL 2.35 
rlimit (soft/hard): STACK 8192k/infinity , CORE infinity/infinity , NPROC infinity/infinity , NOFILE 5242/5242 , AS infinity/infinity , CPU infinity/infinity , DATA infinity/infinity , FSIZE infinity/infinity , MEMLOCK 8192k/8192k
load average: 14.64 15.13 14.46

/proc/meminfo:
MemTotal:       65835928 kB
MemFree:        47705332 kB
MemAvailable:   55582600 kB
Buffers:          751800 kB
Cached:          7166884 kB
SwapCached:            0 kB
Active:          2752664 kB
Inactive:       14173184 kB
Active(anon):       6984 kB
Inactive(anon):  8856420 kB
Active(file):    2745680 kB
Inactive(file):  5316764 kB
Unevictable:       27788 kB
Mlocked:           27788 kB
SwapTotal:             0 kB
SwapFree:              0 kB
Zswap:                 0 kB
Zswapped:              0 kB
Dirty:              3136 kB
Writeback:             0 kB
AnonPages:       8958836 kB
Mapped:          1466856 kB
Shmem:             30656 kB
KReclaimable:     541276 kB
Slab:             793860 kB
SReclaimable:     541276 kB
SUnreclaim:       252584 kB
KernelStack:       63040 kB
PageTables:        97152 kB
SecPageTables:         0 kB
NFS_Unstable:          0 kB
Bounce:                0 kB
WritebackTmp:          0 kB
CommitLimit:    32917964 kB
Committed_AS:   28702440 kB
VmallocTotal:   34359738367 kB
VmallocUsed:       82652 kB
VmallocChunk:          0 kB
Percpu:            18016 kB
HardwareCorrupted:     0 kB
AnonHugePages:    253952 kB
ShmemHugePages:        0 kB
ShmemPmdMapped:        0 kB
FileHugePages:         0 kB
FilePmdMapped:         0 kB
HugePages_Total:       0
HugePages_Free:        0
HugePages_Rsvd:        0
HugePages_Surp:        0
Hugepagesize:       2048 kB
Hugetlb:               0 kB
DirectMap4k:      217912 kB
DirectMap2M:    16556032 kB
DirectMap1G:    52428800 kB

/sys/kernel/mm/transparent_hugepage/enabled: always [madvise] never
/sys/kernel/mm/transparent_hugepage/defrag (defrag/compaction efforts parameter): always defer defer+madvise [madvise] never

Process Memory:
Virtual Size: 4914792K (peak: 4976424K)
Resident Set Size: 677864K (peak: 774268K) (anon: 536696K, file: 141168K, shmem: 0K)
Swapped out: 0K
C-Heap outstanding allocations: 36976K, retained: 8951K
glibc malloc tunables: (default)

/proc/sys/kernel/threads-max (system-wide limit on the number of threads): 514278
/proc/sys/vm/max_map_count (maximum number of memory map areas a process may have): 65530
/proc/sys/kernel/pid_max (system-wide limit on number of process identifiers): 4194304

container (cgroup) information:
container_type: cgroupv2
cpu_cpuset_cpus: not supported
cpu_memory_nodes: not supported
active_processor_count: 1
cpu_quota: 50000
cpu_period: 100000
cpu_shares: no shares
memory_limit_in_bytes: 1048576 k
memory_and_swap_limit_in_bytes: unlimited
memory_soft_limit_in_bytes: 524288 k
memory_usage_in_bytes: 765660 k
memory_max_usage_in_bytes: not supported
maximum number of tasks: not supported
current number of tasks: not supported

KVM virtualization detected
Steal ticks since vm start: 2291
Steal ticks percentage since vm start:  0.002

CPU: total 8 (initial active 1) (4 cores per cpu, 2 threads per core) family 6 model 79 stepping 0 microcode 0xffffffff, cx8, cmov, fxsr, ht, mmx, 3dnowpref, sse, sse2, sse3, ssse3, sse4.1, sse4.2, popcnt, lzcnt, tsc, tscinvbit, avx, avx2, aes, erms, clmul, bmi1, bmi2, rtm, adx, fma, vzeroupper, clflush, hv
CPU Model and flags from /proc/cpuinfo:
model name	: Intel(R) Xeon(R) CPU @ 2.20GHz
flags		: fpu vme de pse tsc msr pae mce cx8 apic sep mtrr pge mca cmov pat pse36 clflush mmx fxsr sse sse2 ss ht syscall nx pdpe1gb rdtscp lm constant_tsc rep_good nopl xtopology nonstop_tsc cpuid tsc_known_freq pni pclmulqdq ssse3 fma cx16 pcid sse4_1 sse4_2 x2apic movbe popcnt aes xsave avx f16c rdrand hypervisor lahf_lm abm 3dnowprefetch invpcid_single pti ssbd ibrs ibpb stibp fsgsbase tsc_adjust bmi1 hle avx2 smep bmi2 erms invpcid rtm rdseed adx smap xsaveopt arat md_clear arch_capabilities

Online cpus: 0-7
Offline cpus: 
BIOS frequency limitation: <Not Available>
Frequency switch latency (ns): <Not Available>
Available cpu frequencies: <Not Available>
Current governor: <Not Available>
Core performance/turbo boost: <Not Available>

Memory: 4k page, physical 1048576k(282904k free), swap 0k(0k free)
Page Sizes: 4k

vm_info: OpenJDK 64-Bit Server VM (17.0.5+8-jvmci-22.3-b08) for linux-amd64 JRE (17.0.5+8-jvmci-22.3-b08), built on Oct 19 2022 09:01:27 by "buildslave" with gcc 10.3.0

END.
